<?xml version="1.0" encoding="utf-8"?>
<shfbBuild product="Sandcastle Help File Builder and Tools" version="2023.7.8.0" projectFile="C:\Users\quent\Documents\School\University\Software project\Documentatie\backend.shfbproj" started="30/01/2024 12:23:11">
<buildStep step="Initializing">
The Sandcastle tools are located in &#39;C:\Program Files (x86)\EWSoftware\Sandcastle Help File Builder&#39;
Locating components in the following folder(s):
    C:\Users\quent\Documents\School\University\Software project\Documentatie
    C:\ProgramData\EWSoftware\Sandcastle Help File Builder\Components and Plug-Ins
    C:\Program Files (x86)\EWSoftware\Sandcastle Help File Builder\Components
Using framework reflection data for &#39;.NET Framework 4.7.2&#39; located in &#39;C:\Program Files (x86)\EWSoftware\Sandcastle Help File Builder\Data\.NETFramework&#39;
Using presentation style &#39;Default2022&#39; located in &#39;C:\Program Files (x86)\EWSoftware\Sandcastle Help File Builder\Components\Default2022&#39;
Loading and initializing plug-ins...
Website Table of Contents Generator Version 2023.7.8.0
Copyright &#169; 2006-2023, Eric Woodruff, All Rights Reserved
-------------------------------
Clearing any prior web/markdown output...
</buildStep>
<buildStep step="ValidatingDocumentationSources">
Validating and copying documentation source information
Source: C:\Users\quent\Documents\School\University\Software project\Secodash\Software-Ecosystems\back-end\back-end\bin\Debug\net8.0\SECODashBackend.dll
    Found assembly &#39;C:\Users\quent\Documents\School\University\Software project\Secodash\Software-Ecosystems\back-end\back-end\bin\Debug\net8.0\SECODashBackend.dll&#39;
Source: C:\Users\quent\Documents\School\University\Software project\Secodash\Software-Ecosystems\back-end\back-end\bin\Debug\net8.0\SECODashBackend.xml

Copying XML comments files
    C:\Users\quent\Documents\School\University\Software project\Secodash\Software-Ecosystems\back-end\back-end\bin\Debug\net8.0\SECODashBackend.xml -&gt; C:\Users\quent\Documents\School\University\Software project\Documentatie\backend-Docs\Working\SECODashBackend.xml
</buildStep>
<buildStep step="GenerateSharedContent">
Generating shared content files (en-US, English (United States))...
    Last step completed in 00:00:00,0050
</buildStep>
<buildStep step="GenerateApiFilter">
Generating API filter for MRefBuilder...
    Last step completed in 00:00:00,0070
</buildStep>
<buildStep step="GenerateReflectionInfo">
Generating reflection information...
[C:\Program Files (x86)\Microsoft Visual Studio\2019\Community\MSBuild\Current\Bin\MSBuild.exe - GenerateRefInfo-9a79817a-ae3a-4bd4-b17f-30b6a7472852.proj]
Build started 30/01/2024 12:23:13.
Project &quot;C:\Users\quent\Documents\School\University\Software project\Documentatie\backend-Docs\Working\GenerateRefInfo-9a79817a-ae3a-4bd4-b17f-30b6a7472852.proj&quot; on node 1 (default targets).
PrepareForBuild:
  Creating directory &quot;obj\Debug\&quot;.
GenerateBindingRedirects:
  No suggested binding redirects from ResolveAssemblyReferences.
GenerateRefInfo:
  Microsoft.Build (v16.11.2+f3225964253d565862806752e54a7608191a9035)
  &#184; Microsoft Corporation. All rights reserved.
  No source code context base path specified.  Source context information is unavailable.
  Loaded 1 assemblies for reflection and 1 dependency assemblies.
MRefBuilder : warning : Ignoring unresolved assembly reference: Microsoft.Extensions.Logging.Abstractions (Microsoft.Extensions.Logging.Abstractions, Version=8.0.0.0, Culture=neutral, PublicKeyToken=adb9793829ddae60) required by SECODashBackend [C:\Users\quent\Documents\School\University\Software project\Documentatie\backend-Docs\Working\GenerateRefInfo-9a79817a-ae3a-4bd4-b17f-30b6a7472852.proj]
MRefBuilder : warning : Ignoring unresolved assembly reference: System.ComponentModel (System.ComponentModel, Version=8.0.0.0, Culture=neutral, PublicKeyToken=b03f5f7f11d50a3a) required by Microsoft.EntityFrameworkCore [C:\Users\quent\Documents\School\University\Software project\Documentatie\backend-Docs\Working\GenerateRefInfo-9a79817a-ae3a-4bd4-b17f-30b6a7472852.proj]
MRefBuilder : warning : Ignoring unresolved assembly reference: Microsoft.AspNetCore.Mvc.Core (Microsoft.AspNetCore.Mvc.Core, Version=8.0.0.0, Culture=neutral, PublicKeyToken=adb9793829ddae60) required by SECODashBackend [C:\Users\quent\Documents\School\University\Software project\Documentatie\backend-Docs\Working\GenerateRefInfo-9a79817a-ae3a-4bd4-b17f-30b6a7472852.proj]
MRefBuilder : warning : Ignoring unresolved assembly reference: Microsoft.AspNetCore.Cors (Microsoft.AspNetCore.Cors, Version=8.0.0.0, Culture=neutral, PublicKeyToken=adb9793829ddae60) required by SECODashBackend [C:\Users\quent\Documents\School\University\Software project\Documentatie\backend-Docs\Working\GenerateRefInfo-9a79817a-ae3a-4bd4-b17f-30b6a7472852.proj]
MRefBuilder : warning : Ignoring unresolved assembly reference: Microsoft.AspNetCore.Authentication (Microsoft.AspNetCore.Authentication, Version=8.0.0.0, Culture=neutral, PublicKeyToken=adb9793829ddae60) required by Microsoft.AspNetCore.Authentication.Certificate [C:\Users\quent\Documents\School\University\Software project\Documentatie\backend-Docs\Working\GenerateRefInfo-9a79817a-ae3a-4bd4-b17f-30b6a7472852.proj]
MRefBuilder : warning : Ignoring unresolved assembly reference: Microsoft.AspNetCore.Routing (Microsoft.AspNetCore.Routing, Version=8.0.0.0, Culture=neutral, PublicKeyToken=adb9793829ddae60) required by SECODashBackend [C:\Users\quent\Documents\School\University\Software project\Documentatie\backend-Docs\Working\GenerateRefInfo-9a79817a-ae3a-4bd4-b17f-30b6a7472852.proj]
MRefBuilder : warning : Ignoring unresolved assembly reference: Microsoft.AspNetCore (Microsoft.AspNetCore, Version=8.0.0.0, Culture=neutral, PublicKeyToken=adb9793829ddae60) required by SECODashBackend [C:\Users\quent\Documents\School\University\Software project\Documentatie\backend-Docs\Working\GenerateRefInfo-9a79817a-ae3a-4bd4-b17f-30b6a7472852.proj]
MRefBuilder : warning : Ignoring unresolved assembly reference: System.Collections (System.Collections, Version=8.0.0.0, Culture=neutral, PublicKeyToken=b03f5f7f11d50a3a) required by SECODashBackend [C:\Users\quent\Documents\School\University\Software project\Documentatie\backend-Docs\Working\GenerateRefInfo-9a79817a-ae3a-4bd4-b17f-30b6a7472852.proj]
MRefBuilder : warning : Ignoring unresolved assembly reference: System.Collections.Concurrent (System.Collections.Concurrent, Version=8.0.0.0, Culture=neutral, PublicKeyToken=b03f5f7f11d50a3a) required by SECODashBackend [C:\Users\quent\Documents\School\University\Software project\Documentatie\backend-Docs\Working\GenerateRefInfo-9a79817a-ae3a-4bd4-b17f-30b6a7472852.proj]
MRefBuilder : warning : Ignoring unresolved assembly reference: System.Runtime.Serialization.Primitives (System.Runtime.Serialization.Primitives, Version=8.0.0.0, Culture=neutral, PublicKeyToken=b03f5f7f11d50a3a) required by SECODashBackend [C:\Users\quent\Documents\School\University\Software project\Documentatie\backend-Docs\Working\GenerateRefInfo-9a79817a-ae3a-4bd4-b17f-30b6a7472852.proj]
MRefBuilder : warning : Ignoring unresolved assembly reference: System.ComponentModel.Annotations (System.ComponentModel.Annotations, Version=8.0.0.0, Culture=neutral, PublicKeyToken=b03f5f7f11d50a3a) required by SECODashBackend [C:\Users\quent\Documents\School\University\Software project\Documentatie\backend-Docs\Working\GenerateRefInfo-9a79817a-ae3a-4bd4-b17f-30b6a7472852.proj]
MRefBuilder : warning : Ignoring unresolved assembly reference: Microsoft.Extensions.Options (Microsoft.Extensions.Options, Version=8.0.0.0, Culture=neutral, PublicKeyToken=adb9793829ddae60) required by SECODashBackend [C:\Users\quent\Documents\School\University\Software project\Documentatie\backend-Docs\Working\GenerateRefInfo-9a79817a-ae3a-4bd4-b17f-30b6a7472852.proj]
MRefBuilder : warning : Ignoring unresolved assembly reference: System.Linq.Expressions (System.Linq.Expressions, Version=8.0.0.0, Culture=neutral, PublicKeyToken=b03f5f7f11d50a3a) required by Microsoft.EntityFrameworkCore [C:\Users\quent\Documents\School\University\Software project\Documentatie\backend-Docs\Working\GenerateRefInfo-9a79817a-ae3a-4bd4-b17f-30b6a7472852.proj]
MRefBuilder : warning : Ignoring unresolved assembly reference: System.ComponentModel.TypeConverter (System.ComponentModel.TypeConverter, Version=8.0.0.0, Culture=neutral, PublicKeyToken=b03f5f7f11d50a3a) required by Microsoft.EntityFrameworkCore [C:\Users\quent\Documents\School\University\Software project\Documentatie\backend-Docs\Working\GenerateRefInfo-9a79817a-ae3a-4bd4-b17f-30b6a7472852.proj]
MRefBuilder : warning : Ignoring unresolved assembly reference: Microsoft.Extensions.Hosting.Abstractions (Microsoft.Extensions.Hosting.Abstractions, Version=8.0.0.0, Culture=neutral, PublicKeyToken=adb9793829ddae60) required by SECODashBackend [C:\Users\quent\Documents\School\University\Software project\Documentatie\backend-Docs\Working\GenerateRefInfo-9a79817a-ae3a-4bd4-b17f-30b6a7472852.proj]
  Using framework redirect &#39;System.Net.Http, Version=4.2.0.0, Culture=neutral, PublicKeyToken=b03f5f7f11d50a3a&#39; in place of &#39;System.Net.Http, Version=8.0.0.0, Culture=neutral, PublicKeyToken=b03f5f7f11d50a3a&#39;
MRefBuilder : warning : Ignoring unresolved assembly reference: Microsoft.AspNetCore.Mvc.Abstractions (Microsoft.AspNetCore.Mvc.Abstractions, Version=8.0.0.0, Culture=neutral, PublicKeyToken=adb9793829ddae60) required by SECODashBackend [C:\Users\quent\Documents\School\University\Software project\Documentatie\backend-Docs\Working\GenerateRefInfo-9a79817a-ae3a-4bd4-b17f-30b6a7472852.proj]
MRefBuilder : warning : Ignoring unresolved assembly reference: Microsoft.Extensions.Logging (Microsoft.Extensions.Logging, Version=8.0.0.0, Culture=neutral, PublicKeyToken=adb9793829ddae60) required by SECODashBackend [C:\Users\quent\Documents\School\University\Software project\Documentatie\backend-Docs\Working\GenerateRefInfo-9a79817a-ae3a-4bd4-b17f-30b6a7472852.proj]
MRefBuilder : warning : Ignoring unresolved assembly reference: Microsoft.AspNetCore.Mvc.Core (Microsoft.AspNetCore.Mvc.Core, Version=7.0.0.0, Culture=neutral, PublicKeyToken=adb9793829ddae60) required by Swashbuckle.AspNetCore.Annotations [C:\Users\quent\Documents\School\University\Software project\Documentatie\backend-Docs\Working\GenerateRefInfo-9a79817a-ae3a-4bd4-b17f-30b6a7472852.proj]
MRefBuilder : warning : Unexpected parameter type Void.  This may be an issue (missing reference assembly?).  Declaring method: SECODashBackend.Controllers.EcosystemsController.#ctor(Microsoft.Extensions.Logging.ILogger`1,System.Void) [C:\Users\quent\Documents\School\University\Software project\Documentatie\backend-Docs\Working\GenerateRefInfo-9a79817a-ae3a-4bd4-b17f-30b6a7472852.proj]
MRefBuilder : warning : Unexpected parameter type Void.  This may be an issue (missing reference assembly?).  Declaring method: SECODashBackend.Controllers.EcosystemsController.GetTechnologyTaxonomy(System.Void) [C:\Users\quent\Documents\School\University\Software project\Documentatie\backend-Docs\Working\GenerateRefInfo-9a79817a-ae3a-4bd4-b17f-30b6a7472852.proj]
MRefBuilder : warning : Unexpected parameter type Void.  This may be an issue (missing reference assembly?).  Declaring method: SECODashBackend.Controllers.EcosystemsController.SearchByTopics(System.Void) [C:\Users\quent\Documents\School\University\Software project\Documentatie\backend-Docs\Working\GenerateRefInfo-9a79817a-ae3a-4bd4-b17f-30b6a7472852.proj]
MRefBuilder : warning : Unexpected parameter type Void.  This may be an issue (missing reference assembly?).  Declaring method: SECODashBackend.Controllers.EcosystemsController.UpdateDescription(System.Void) [C:\Users\quent\Documents\School\University\Software project\Documentatie\backend-Docs\Working\GenerateRefInfo-9a79817a-ae3a-4bd4-b17f-30b6a7472852.proj]
MRefBuilder : warning : Unexpected parameter type Void.  This may be an issue (missing reference assembly?).  Declaring method: SECODashBackend.Controllers.MineController.#ctor(Microsoft.Extensions.Logging.ILogger`1,System.Void,SECODashBackend.Controllers.MineController) [C:\Users\quent\Documents\School\University\Software project\Documentatie\backend-Docs\Working\GenerateRefInfo-9a79817a-ae3a-4bd4-b17f-30b6a7472852.proj]
MRefBuilder : warning : Unexpected parameter type Void.  This may be an issue (missing reference assembly?).  Declaring method: SECODashBackend.Controllers.MineController.MineByTaxonomy(System.Collections.Generic.List`1,System.Void,System.String,System.String) [C:\Users\quent\Documents\School\University\Software project\Documentatie\backend-Docs\Working\GenerateRefInfo-9a79817a-ae3a-4bd4-b17f-30b6a7472852.proj]
MRefBuilder : warning : Unexpected parameter type Void.  This may be an issue (missing reference assembly?).  Declaring method: SECODashBackend.Controllers.MineController.ScheduleMineByTaxonomy(System.String,System.Collections.Generic.List`1,System.Void,System.String,System.Int32) [C:\Users\quent\Documents\School\University\Software project\Documentatie\backend-Docs\Working\GenerateRefInfo-9a79817a-ae3a-4bd4-b17f-30b6a7472852.proj]
MRefBuilder : warning : Unexpected parameter type Void.  This may be an issue (missing reference assembly?).  Declaring method: SECODashBackend.Controllers.UsersController.#ctor(Microsoft.Extensions.Logging.ILogger`1,System.Void) [C:\Users\quent\Documents\School\University\Software project\Documentatie\backend-Docs\Working\GenerateRefInfo-9a79817a-ae3a-4bd4-b17f-30b6a7472852.proj]
MRefBuilder : warning : Unexpected parameter type Void.  This may be an issue (missing reference assembly?).  Declaring method: SECODashBackend.Controllers.UsersController.GetByNameAsync(System.Void) [C:\Users\quent\Documents\School\University\Software project\Documentatie\backend-Docs\Working\GenerateRefInfo-9a79817a-ae3a-4bd4-b17f-30b6a7472852.proj]
MRefBuilder : warning : Unexpected parameter type Void.  This may be an issue (missing reference assembly?).  Declaring method: SECODashBackend.Controllers.UsersController.LoginRequest(System.Void) [C:\Users\quent\Documents\School\University\Software project\Documentatie\backend-Docs\Working\GenerateRefInfo-9a79817a-ae3a-4bd4-b17f-30b6a7472852.proj]
MRefBuilder : warning : Ignoring unresolved assembly reference: Microsoft.Extensions.DependencyInjection.Abstractions (Microsoft.Extensions.DependencyInjection.Abstractions, Version=8.0.0.0, Culture=neutral, PublicKeyToken=adb9793829ddae60) required by Microsoft.EntityFrameworkCore [C:\Users\quent\Documents\School\University\Software project\Documentatie\backend-Docs\Working\GenerateRefInfo-9a79817a-ae3a-4bd4-b17f-30b6a7472852.proj]
MRefBuilder : warning : Unexpected parameter type Void.  This may be an issue (missing reference assembly?).  Declaring method: Microsoft.EntityFrameworkCore.DbContext.AddAsync(System.Void,Microsoft.EntityFrameworkCore.ChangeTracking.EntityEntry`1&lt;type parameter.TEntity&gt;) [C:\Users\quent\Documents\School\University\Software project\Documentatie\backend-Docs\Working\GenerateRefInfo-9a79817a-ae3a-4bd4-b17f-30b6a7472852.proj]
MRefBuilder : warning : Unexpected parameter type Void.  This may be an issue (missing reference assembly?).  Declaring method: Microsoft.EntityFrameworkCore.DbContext.AddAsync(System.Void,Microsoft.EntityFrameworkCore.ChangeTracking.EntityEntry) [C:\Users\quent\Documents\School\University\Software project\Documentatie\backend-Docs\Working\GenerateRefInfo-9a79817a-ae3a-4bd4-b17f-30b6a7472852.proj]
MRefBuilder : warning : Unexpected parameter type Void.  This may be an issue (missing reference assembly?).  Declaring method: Microsoft.EntityFrameworkCore.DbContext.FindAsync(System.Void,System.Object) [C:\Users\quent\Documents\School\University\Software project\Documentatie\backend-Docs\Working\GenerateRefInfo-9a79817a-ae3a-4bd4-b17f-30b6a7472852.proj]
MRefBuilder : warning : Unexpected parameter type Void.  This may be an issue (missing reference assembly?).  Declaring method: Microsoft.EntityFrameworkCore.DbContext.FindAsync(System.Void,System.Object,System.Type) [C:\Users\quent\Documents\School\University\Software project\Documentatie\backend-Docs\Working\GenerateRefInfo-9a79817a-ae3a-4bd4-b17f-30b6a7472852.proj]
MRefBuilder : warning : Unexpected parameter type Void.  This may be an issue (missing reference assembly?).  Declaring method: Microsoft.EntityFrameworkCore.DbContext.FindAsync(System.Void) [C:\Users\quent\Documents\School\University\Software project\Documentatie\backend-Docs\Working\GenerateRefInfo-9a79817a-ae3a-4bd4-b17f-30b6a7472852.proj]
MRefBuilder : warning : Unexpected parameter type Void.  This may be an issue (missing reference assembly?).  Declaring method: Microsoft.EntityFrameworkCore.DbContext.FindAsync(System.Void,type parameter.TEntity) [C:\Users\quent\Documents\School\University\Software project\Documentatie\backend-Docs\Working\GenerateRefInfo-9a79817a-ae3a-4bd4-b17f-30b6a7472852.proj]
MRefBuilder : warning : Unexpected parameter type Void.  This may be an issue (missing reference assembly?).  Declaring method: Microsoft.EntityFrameworkCore.DbContext.FromExpression(System.Void) [C:\Users\quent\Documents\School\University\Software project\Documentatie\backend-Docs\Working\GenerateRefInfo-9a79817a-ae3a-4bd4-b17f-30b6a7472852.proj]
MRefBuilder : warning : Unexpected parameter type Void.  This may be an issue (missing reference assembly?).  Declaring method: Microsoft.EntityFrameworkCore.DbContext.AddAsync(System.Void,Microsoft.EntityFrameworkCore.ChangeTracking.EntityEntry`1&lt;type parameter.TEntity&gt;) [C:\Users\quent\Documents\School\University\Software project\Documentatie\backend-Docs\Working\GenerateRefInfo-9a79817a-ae3a-4bd4-b17f-30b6a7472852.proj]
MRefBuilder : warning : Unexpected parameter type Void.  This may be an issue (missing reference assembly?).  Declaring method: Microsoft.EntityFrameworkCore.DbContext.AddAsync(System.Void,Microsoft.EntityFrameworkCore.ChangeTracking.EntityEntry) [C:\Users\quent\Documents\School\University\Software project\Documentatie\backend-Docs\Working\GenerateRefInfo-9a79817a-ae3a-4bd4-b17f-30b6a7472852.proj]
MRefBuilder : warning : Unexpected parameter type Void.  This may be an issue (missing reference assembly?).  Declaring method: Microsoft.EntityFrameworkCore.DbContext.FindAsync(System.Void,System.Object) [C:\Users\quent\Documents\School\University\Software project\Documentatie\backend-Docs\Working\GenerateRefInfo-9a79817a-ae3a-4bd4-b17f-30b6a7472852.proj]
MRefBuilder : warning : Unexpected parameter type Void.  This may be an issue (missing reference assembly?).  Declaring method: Microsoft.EntityFrameworkCore.DbContext.FindAsync(System.Void,System.Object,System.Type) [C:\Users\quent\Documents\School\University\Software project\Documentatie\backend-Docs\Working\GenerateRefInfo-9a79817a-ae3a-4bd4-b17f-30b6a7472852.proj]
MRefBuilder : warning : Unexpected parameter type Void.  This may be an issue (missing reference assembly?).  Declaring method: Microsoft.EntityFrameworkCore.DbContext.FindAsync(System.Void) [C:\Users\quent\Documents\School\University\Software project\Documentatie\backend-Docs\Working\GenerateRefInfo-9a79817a-ae3a-4bd4-b17f-30b6a7472852.proj]
MRefBuilder : warning : Unexpected parameter type Void.  This may be an issue (missing reference assembly?).  Declaring method: Microsoft.EntityFrameworkCore.DbContext.FindAsync(System.Void,type parameter.TEntity) [C:\Users\quent\Documents\School\University\Software project\Documentatie\backend-Docs\Working\GenerateRefInfo-9a79817a-ae3a-4bd4-b17f-30b6a7472852.proj]
MRefBuilder : warning : Unexpected parameter type Void.  This may be an issue (missing reference assembly?).  Declaring method: Microsoft.EntityFrameworkCore.DbContext.FromExpression(System.Void) [C:\Users\quent\Documents\School\University\Software project\Documentatie\backend-Docs\Working\GenerateRefInfo-9a79817a-ae3a-4bd4-b17f-30b6a7472852.proj]
MRefBuilder : warning : Unexpected parameter type Void.  This may be an issue (missing reference assembly?).  Declaring method: SECODashBackend.Services.Analysis.ElasticsearchAnalysisService.AnalyzeEcosystemAsync(System.Collections.Generic.List`1,System.Void,System.String,System.Collections.Generic.List`1,System.Void,SECODashBackend.Models.BannedTopic,System.Collections.Generic.List`1,System.Void,SECODashBackend.Models.Technology,System.Int32,System.Int32) [C:\Users\quent\Documents\School\University\Software project\Documentatie\backend-Docs\Working\GenerateRefInfo-9a79817a-ae3a-4bd4-b17f-30b6a7472852.proj]
MRefBuilder : warning : Unexpected parameter type Void.  This may be an issue (missing reference assembly?).  Declaring method: SECODashBackend.Services.Analysis.ElasticsearchAnalysisService.AnalyzeEcosystemAsync(System.Collections.Generic.List`1,System.Void,System.String,System.Collections.Generic.List`1,System.Void,SECODashBackend.Models.BannedTopic,System.Collections.Generic.List`1,System.Void,SECODashBackend.Models.Technology,System.Int32,System.Int32) [C:\Users\quent\Documents\School\University\Software project\Documentatie\backend-Docs\Working\GenerateRefInfo-9a79817a-ae3a-4bd4-b17f-30b6a7472852.proj]
MRefBuilder : warning : Unexpected parameter type Void.  This may be an issue (missing reference assembly?).  Declaring method: SECODashBackend.Services.Analysis.ElasticsearchAnalysisService.AnalyzeEcosystemAsync(System.Collections.Generic.List`1,System.Void,System.String,System.Collections.Generic.List`1,System.Void,SECODashBackend.Models.BannedTopic,System.Collections.Generic.List`1,System.Void,SECODashBackend.Models.Technology,System.Int32,System.Int32) [C:\Users\quent\Documents\School\University\Software project\Documentatie\backend-Docs\Working\GenerateRefInfo-9a79817a-ae3a-4bd4-b17f-30b6a7472852.proj]
MRefBuilder : warning : Unexpected parameter type Void.  This may be an issue (missing reference assembly?).  Declaring method: SECODashBackend.Services.Analysis.ElasticsearchAnalysisService.FilterSubEcosystems(System.Void,SECODashBackend.Dtos.Ecosystem.SubEcosystemDto,System.Collections.Generic.IEnumerable`1&lt;SECODashBackend.Dtos.Ecosystem.SubEcosystemDto&gt;,System.Collections.Generic.List`1) [C:\Users\quent\Documents\School\University\Software project\Documentatie\backend-Docs\Working\GenerateRefInfo-9a79817a-ae3a-4bd4-b17f-30b6a7472852.proj]
MRefBuilder : warning : Unexpected parameter type Void.  This may be an issue (missing reference assembly?).  Declaring method: SECODashBackend.Services.Analysis.ElasticsearchAnalysisService.SortAndNormalizeLanguages(System.Void,SECODashBackend.Dtos.ProgrammingLanguage.ProgrammingLanguageDto) [C:\Users\quent\Documents\School\University\Software project\Documentatie\backend-Docs\Working\GenerateRefInfo-9a79817a-ae3a-4bd4-b17f-30b6a7472852.proj]
MRefBuilder : warning : Unexpected parameter type Void.  This may be an issue (missing reference assembly?).  Declaring method: SECODashBackend.Services.Analysis.IAnalysisService.AnalyzeEcosystemAsync(System.Collections.Generic.List`1,System.Void,System.String,System.Collections.Generic.List`1,System.Void,SECODashBackend.Models.BannedTopic,System.Collections.Generic.List`1,System.Void,SECODashBackend.Models.Technology,System.Int32,System.Int32) [C:\Users\quent\Documents\School\University\Software project\Documentatie\backend-Docs\Working\GenerateRefInfo-9a79817a-ae3a-4bd4-b17f-30b6a7472852.proj]
MRefBuilder : warning : Unexpected parameter type Void.  This may be an issue (missing reference assembly?).  Declaring method: SECODashBackend.Services.Analysis.IAnalysisService.AnalyzeEcosystemAsync(System.Collections.Generic.List`1,System.Void,System.String,System.Collections.Generic.List`1,System.Void,SECODashBackend.Models.BannedTopic,System.Collections.Generic.List`1,System.Void,SECODashBackend.Models.Technology,System.Int32,System.Int32) [C:\Users\quent\Documents\School\University\Software project\Documentatie\backend-Docs\Working\GenerateRefInfo-9a79817a-ae3a-4bd4-b17f-30b6a7472852.proj]
MRefBuilder : warning : Unexpected parameter type Void.  This may be an issue (missing reference assembly?).  Declaring method: SECODashBackend.Services.Analysis.IAnalysisService.AnalyzeEcosystemAsync(System.Collections.Generic.List`1,System.Void,System.String,System.Collections.Generic.List`1,System.Void,SECODashBackend.Models.BannedTopic,System.Collections.Generic.List`1,System.Void,SECODashBackend.Models.Technology,System.Int32,System.Int32) [C:\Users\quent\Documents\School\University\Software project\Documentatie\backend-Docs\Working\GenerateRefInfo-9a79817a-ae3a-4bd4-b17f-30b6a7472852.proj]
MRefBuilder : warning : Unexpected parameter type Void.  This may be an issue (missing reference assembly?).  Declaring method: SECODashBackend.Services.DataProcessor.DataProcessorService.GetTopics(System.Void) [C:\Users\quent\Documents\School\University\Software project\Documentatie\backend-Docs\Working\GenerateRefInfo-9a79817a-ae3a-4bd4-b17f-30b6a7472852.proj]
MRefBuilder : warning : Unexpected parameter type Void.  This may be an issue (missing reference assembly?).  Declaring method: SECODashBackend.Services.DataProcessor.IDataProcessorService.GetTopics(System.Void) [C:\Users\quent\Documents\School\University\Software project\Documentatie\backend-Docs\Working\GenerateRefInfo-9a79817a-ae3a-4bd4-b17f-30b6a7472852.proj]
MRefBuilder : warning : Unexpected parameter type Void.  This may be an issue (missing reference assembly?).  Declaring method: SECODashBackend.Services.Ecosystems.EcosystemsService.AddTopicToEcosystem(System.Collections.Generic.List`1,System.Void,SECODashBackend.Models.Taxonomy,System.Collections.Generic.List`1) [C:\Users\quent\Documents\School\University\Software project\Documentatie\backend-Docs\Working\GenerateRefInfo-9a79817a-ae3a-4bd4-b17f-30b6a7472852.proj]
MRefBuilder : warning : Unexpected parameter type Void.  This may be an issue (missing reference assembly?).  Declaring method: SECODashBackend.Services.Ecosystems.EcosystemsService.GetTechnologyTaxonomy(System.Void) [C:\Users\quent\Documents\School\University\Software project\Documentatie\backend-Docs\Working\GenerateRefInfo-9a79817a-ae3a-4bd4-b17f-30b6a7472852.proj]
MRefBuilder : warning : Unexpected parameter type Void.  This may be an issue (missing reference assembly?).  Declaring method: SECODashBackend.Services.Ecosystems.IEcosystemsService.GetTechnologyTaxonomy(System.Void) [C:\Users\quent\Documents\School\University\Software project\Documentatie\backend-Docs\Working\GenerateRefInfo-9a79817a-ae3a-4bd4-b17f-30b6a7472852.proj]
MRefBuilder : warning : Unexpected parameter type Void.  This may be an issue (missing reference assembly?).  Declaring method: SECODashBackend.Services.Projects.IProjectsService.MineByTaxonomyAsync(System.Collections.Generic.List`1,System.Void,System.String,System.String) [C:\Users\quent\Documents\School\University\Software project\Documentatie\backend-Docs\Working\GenerateRefInfo-9a79817a-ae3a-4bd4-b17f-30b6a7472852.proj]
MRefBuilder : warning : Unexpected parameter type Void.  This may be an issue (missing reference assembly?).  Declaring method: SECODashBackend.Services.Projects.ProjectsService.MineByTaxonomyAsync(System.Collections.Generic.List`1,System.Void,System.String,System.String) [C:\Users\quent\Documents\School\University\Software project\Documentatie\backend-Docs\Working\GenerateRefInfo-9a79817a-ae3a-4bd4-b17f-30b6a7472852.proj]
MRefBuilder : warning : Unexpected parameter type Void.  This may be an issue (missing reference assembly?).  Declaring method: SECODashBackend.Services.Scheduler.HangfireScheduler.#ctor(Microsoft.Extensions.Logging.ILogger`1,System.Void,SECODashBackend.Services.Scheduler.HangfireScheduler) [C:\Users\quent\Documents\School\University\Software project\Documentatie\backend-Docs\Working\GenerateRefInfo-9a79817a-ae3a-4bd4-b17f-30b6a7472852.proj]
MRefBuilder : warning : Unexpected parameter type Void.  This may be an issue (missing reference assembly?).  Declaring method: SECODashBackend.Services.Scheduler.HangfireScheduler.AddRecurringTaxonomyMiningJob(System.String,System.Collections.Generic.List`1,System.Void,System.String) [C:\Users\quent\Documents\School\University\Software project\Documentatie\backend-Docs\Working\GenerateRefInfo-9a79817a-ae3a-4bd4-b17f-30b6a7472852.proj]
MRefBuilder : warning : Unexpected parameter type Void.  This may be an issue (missing reference assembly?).  Declaring method: SECODashBackend.Services.Scheduler.IScheduler.AddRecurringTaxonomyMiningJob(System.String,System.Collections.Generic.List`1,System.Void,System.String) [C:\Users\quent\Documents\School\University\Software project\Documentatie\backend-Docs\Working\GenerateRefInfo-9a79817a-ae3a-4bd4-b17f-30b6a7472852.proj]
MRefBuilder : warning : Unexpected parameter type Void.  This may be an issue (missing reference assembly?).  Declaring method: SECODashBackend.Services.Spider.ISpiderService.GetProjectsByKeywordAsync(System.Void,SECODashBackend.Dtos.Project.ProjectDto) [C:\Users\quent\Documents\School\University\Software project\Documentatie\backend-Docs\Working\GenerateRefInfo-9a79817a-ae3a-4bd4-b17f-30b6a7472852.proj]
MRefBuilder : warning : Unexpected parameter type Void.  This may be an issue (missing reference assembly?).  Declaring method: SECODashBackend.Services.Spider.ISpiderService.GetProjectsByTopicAsync(System.Void,SECODashBackend.Dtos.Project.ProjectDto) [C:\Users\quent\Documents\School\University\Software project\Documentatie\backend-Docs\Working\GenerateRefInfo-9a79817a-ae3a-4bd4-b17f-30b6a7472852.proj]
MRefBuilder : warning : Unexpected parameter type Void.  This may be an issue (missing reference assembly?).  Declaring method: SECODashBackend.Services.Spider.SpiderService.GetProjectsByKeywordAsync(System.Void,SECODashBackend.Dtos.Project.ProjectDto) [C:\Users\quent\Documents\School\University\Software project\Documentatie\backend-Docs\Working\GenerateRefInfo-9a79817a-ae3a-4bd4-b17f-30b6a7472852.proj]
MRefBuilder : warning : Unexpected parameter type Void.  This may be an issue (missing reference assembly?).  Declaring method: SECODashBackend.Services.Spider.SpiderService.GetProjectsByTopicAsync(System.Void,SECODashBackend.Dtos.Project.ProjectDto) [C:\Users\quent\Documents\School\University\Software project\Documentatie\backend-Docs\Working\GenerateRefInfo-9a79817a-ae3a-4bd4-b17f-30b6a7472852.proj]
  Wrote information on 22 namespaces, 62 types, and 282 members
  Merging duplicate type and member information
  Merged 0 duplicate type(s) and 0 duplicate member(s)
Done Building Project &quot;C:\Users\quent\Documents\School\University\Software project\Documentatie\backend-Docs\Working\GenerateRefInfo-9a79817a-ae3a-4bd4-b17f-30b6a7472852.proj&quot; (default targets).
    Last step completed in 00:00:04,5409
</buildStep>
<buildStep step="ApplyDocumentModel">
Applying document model to reflection output...
    Last step completed in 00:00:00,1021
</buildStep>
<buildStep step="AddApiTopicFilenames">
Adding topic filenames to API members...
    Last step completed in 00:00:00,0760
</buildStep>
<buildStep step="GenerateApiTopicManifest">
Generating API topic manifest...
    Last step completed in 00:00:00,0680
</buildStep>
<buildStep step="GenerateNamespaceSummaries">
Generating namespace summary information...
    Last step completed in 00:00:00,0297
</buildStep>
<buildStep step="GenerateInheritedDocumentation">
Generating inherited documentation...
[C:\Program Files (x86)\Microsoft Visual Studio\2019\Community\MSBuild\Current\Bin\MSBuild.exe - GenerateInheritedDocs.proj]
C:\Users\quent\Documents\School\University\Software project\Documentatie\backend-Docs\Working\GenerateInheritedDocs.proj(28,3): warning GID0004: No comments found for member &#39;M:SECODashBackend.Migrations.Initial.Up(Microsoft.EntityFrameworkCore.Migrations.MigrationBuilder)&#39;
C:\Users\quent\Documents\School\University\Software project\Documentatie\backend-Docs\Working\GenerateInheritedDocs.proj(28,3): warning GID0004: No comments found for member &#39;M:SECODashBackend.Migrations.Initial.Down(Microsoft.EntityFrameworkCore.Migrations.MigrationBuilder)&#39;
C:\Users\quent\Documents\School\University\Software project\Documentatie\backend-Docs\Working\GenerateInheritedDocs.proj(28,3): warning GID0004: No comments found for member &#39;M:SECODashBackend.Migrations.Initial.BuildTargetModel(Microsoft.EntityFrameworkCore.ModelBuilder)&#39;
    Last step completed in 00:00:01,2707
</buildStep>
<buildStep step="CopyAdditionalContent">
Copying additional content files...
No additional content to copy
    Last step completed in 00:00:00,0019
</buildStep>
<buildStep step="MergeTablesOfContents">
Merging conceptual and additional tables of contents...
    Last step completed in 00:00:00,0000
</buildStep>
<buildStep step="GenerateIntermediateTableOfContents">
Generating intermediate table of contents file for API content...
Generating conceptual content intermediate TOC file...
    Last step completed in 00:00:00,0397
</buildStep>
<buildStep step="CreateBuildAssemblerConfigs">
Creating Sandcastle configuration files...
    Last step completed in 00:00:00,3130
</buildStep>
<buildStep step="CombiningIntermediateTocFiles">
Combining conceptual and API intermediate TOC files...
    Last step completed in 00:00:00,0115
</buildStep>
<buildStep step="MergeCustomConfigs">
Merging custom build component configurations
C:\Users\quent\Documents\School\University\Software project\Documentatie\backend-Docs\Working\BuildAssembler.config
  Updating reference topic configurations.
  No conceptual content.  Removing conceptual content components.
    Last step completed in 00:00:00,0190
</buildStep>
<buildStep step="BuildTopics">
Building help topics...
<plugIn name="Website Table of Contents Generator" behavior="Before" priority="1000">
Loading TOC info and adding unique IDs to parent nodes
</plugIn>Loading configuration...
ResolveReferenceLinksComponent: The member ID URL cache &#39;C:\Users\quent\AppData\Local\EWSoftware\Sandcastle Help File Builder\Cache\MemberIdUrl.cache&#39; does not exist yet.  All IDs will be looked up in this build which will slow it down.
Processing topics...
SHFB: Warning BE0066: ResolveReferenceLinksComponent: [T:SECODashBackend.Database.EcosystemsContext] Member ID URL resolver service failed.  No further look ups will be performed for this build.
Reason: The remote server returned an error: (403) Forbidden.
SHFB: Warning BE0066: ResolveReferenceLinksComponent: [M:SECODashBackend.Services.ElasticSearch.ElasticsearchService.#ctor(Elastic.Clients.Elasticsearch.ElasticsearchClient)] Unknown reference link target &#39;T:Elastic.Clients.Elasticsearch.ElasticsearchClient&#39;.
SHFB: Warning BE0066: ResolveReferenceLinksComponent: [M:SECODashBackend.Services.ElasticSearch.ElasticsearchService.QueryProjects(Elastic.Clients.Elasticsearch.SearchRequest)] Unknown reference link target &#39;T:Elastic.Clients.Elasticsearch.SearchRequest&#39;.
SHFB: Warning BE0066: ResolveReferenceLinksComponent: [M:SECODashBackend.Services.ElasticSearch.ElasticsearchService.QueryProjects(Elastic.Clients.Elasticsearch.SearchRequest)] Unknown reference link target &#39;T:Elastic.Clients.Elasticsearch.SearchResponse`1&#39;.
SHFB: Warning BE0066: ResolveReferenceLinksComponent: [M:SECODashBackend.Services.ElasticSearch.IElasticsearchService.QueryProjects(Elastic.Clients.Elasticsearch.SearchRequest)] Unknown reference link target &#39;T:Elastic.Clients.Elasticsearch.SearchRequest&#39;.
SHFB: Warning BE0066: ResolveReferenceLinksComponent: [M:SECODashBackend.Services.ElasticSearch.IElasticsearchService.QueryProjects(Elastic.Clients.Elasticsearch.SearchRequest)] Unknown reference link target &#39;T:Elastic.Clients.Elasticsearch.SearchResponse`1&#39;.
SHFB: Warning BE0066: ResolveReferenceLinksComponent: [T:SECODashBackend.Services.Scheduler.HangfireAuthorizationFilter] Unknown reference link target &#39;T:Hangfire.Dashboard.IDashboardAuthorizationFilter&#39;.
SHFB: Warning BE0066: ResolveReferenceLinksComponent: [M:SECODashBackend.Services.Scheduler.HangfireAuthorizationFilter.Authorize(Hangfire.Dashboard.DashboardContext)] Unknown reference link target &#39;T:Hangfire.Dashboard.DashboardContext&#39;.
SHFB: Warning BE0066: ResolveReferenceLinksComponent: [M:SECODashBackend.Services.Scheduler.HangfireAuthorizationFilter.Authorize(Hangfire.Dashboard.DashboardContext)] Unknown reference link target &#39;M:Hangfire.Dashboard.IDashboardAuthorizationFilter.Authorize(Hangfire.Dashboard.DashboardContext)&#39;.
Processed 454 topic(s)
9 warning(s)
CopyFromIndexComponent: &quot;reflection&quot; in-memory cache entries used: 4 of 15.
CopyFromIndexComponent: &quot;comments&quot; in-memory cache entries used: 3 of 30.
<plugIn name="Website Table of Contents Generator" behavior="After" priority="1000">
Generating TOC fragment files
</plugIn>    Last step completed in 00:00:13,2042
</buildStep>
<buildStep step="CopyStandardHelpContent">
Copying standard help content...
C:\Program Files (x86)\EWSoftware\Sandcastle Help File Builder\Components\Default2022\css\bulma.css -&gt; C:\Users\quent\Documents\School\University\Software project\Documentatie\backend-Docs\Working\Output\Website\css\bulma.css
C:\Program Files (x86)\EWSoftware\Sandcastle Help File Builder\Components\Default2022\css\bulma.css.map -&gt; C:\Users\quent\Documents\School\University\Software project\Documentatie\backend-Docs\Working\Output\Website\css\bulma.css.map
C:\Program Files (x86)\EWSoftware\Sandcastle Help File Builder\Components\Default2022\css\bulma.min.css -&gt; C:\Users\quent\Documents\School\University\Software project\Documentatie\backend-Docs\Working\Output\Website\css\bulma.min.css
C:\Program Files (x86)\EWSoftware\Sandcastle Help File Builder\Components\Default2022\css\font-awesome.css -&gt; C:\Users\quent\Documents\School\University\Software project\Documentatie\backend-Docs\Working\Output\Website\css\font-awesome.css
C:\Program Files (x86)\EWSoftware\Sandcastle Help File Builder\Components\Default2022\css\font-awesome.min.css -&gt; C:\Users\quent\Documents\School\University\Software project\Documentatie\backend-Docs\Working\Output\Website\css\font-awesome.min.css
C:\Program Files (x86)\EWSoftware\Sandcastle Help File Builder\Components\Default2022\css\ja-JP.css -&gt; C:\Users\quent\Documents\School\University\Software project\Documentatie\backend-Docs\Working\Output\Website\css\ja-JP.css
C:\Program Files (x86)\EWSoftware\Sandcastle Help File Builder\Components\Default2022\css\ko-KR.css -&gt; C:\Users\quent\Documents\School\University\Software project\Documentatie\backend-Docs\Working\Output\Website\css\ko-KR.css
C:\Program Files (x86)\EWSoftware\Sandcastle Help File Builder\Components\Default2022\css\presentationStyle.css -&gt; C:\Users\quent\Documents\School\University\Software project\Documentatie\backend-Docs\Working\Output\Website\css\presentationStyle.css
C:\Program Files (x86)\EWSoftware\Sandcastle Help File Builder\Components\Default2022\css\vs.min.css -&gt; C:\Users\quent\Documents\School\University\Software project\Documentatie\backend-Docs\Working\Output\Website\css\vs.min.css
C:\Program Files (x86)\EWSoftware\Sandcastle Help File Builder\Components\Default2022\css\zh-CN.css -&gt; C:\Users\quent\Documents\School\University\Software project\Documentatie\backend-Docs\Working\Output\Website\css\zh-CN.css
C:\Program Files (x86)\EWSoftware\Sandcastle Help File Builder\Components\Default2022\css\zh-TW.css -&gt; C:\Users\quent\Documents\School\University\Software project\Documentatie\backend-Docs\Working\Output\Website\css\zh-TW.css
C:\Program Files (x86)\EWSoftware\Sandcastle Help File Builder\Components\Default2022\icons\favicon.ico -&gt; C:\Users\quent\Documents\School\University\Software project\Documentatie\backend-Docs\Working\Output\Website\icons\favicon.ico
C:\Program Files (x86)\EWSoftware\Sandcastle Help File Builder\Components\Default2022\scripts\clipboard.min.js -&gt; C:\Users\quent\Documents\School\University\Software project\Documentatie\backend-Docs\Working\Output\Website\scripts\clipboard.min.js
C:\Program Files (x86)\EWSoftware\Sandcastle Help File Builder\Components\Default2022\scripts\highlight.min.js -&gt; C:\Users\quent\Documents\School\University\Software project\Documentatie\backend-Docs\Working\Output\Website\scripts\highlight.min.js
C:\Program Files (x86)\EWSoftware\Sandcastle Help File Builder\Components\Default2022\scripts\jquery-3.5.1.min.js -&gt; C:\Users\quent\Documents\School\University\Software project\Documentatie\backend-Docs\Working\Output\Website\scripts\jquery-3.5.1.min.js
C:\Program Files (x86)\EWSoftware\Sandcastle Help File Builder\Components\Default2022\scripts\presentationStyle.js -&gt; C:\Users\quent\Documents\School\University\Software project\Documentatie\backend-Docs\Working\Output\Website\scripts\presentationStyle.js
C:\Program Files (x86)\EWSoftware\Sandcastle Help File Builder\Components\Default2022\webfonts\fa-brands-400.ttf -&gt; C:\Users\quent\Documents\School\University\Software project\Documentatie\backend-Docs\Working\Output\Website\webfonts\fa-brands-400.ttf
C:\Program Files (x86)\EWSoftware\Sandcastle Help File Builder\Components\Default2022\webfonts\fa-brands-400.woff2 -&gt; C:\Users\quent\Documents\School\University\Software project\Documentatie\backend-Docs\Working\Output\Website\webfonts\fa-brands-400.woff2
C:\Program Files (x86)\EWSoftware\Sandcastle Help File Builder\Components\Default2022\webfonts\fa-regular-400.ttf -&gt; C:\Users\quent\Documents\School\University\Software project\Documentatie\backend-Docs\Working\Output\Website\webfonts\fa-regular-400.ttf
C:\Program Files (x86)\EWSoftware\Sandcastle Help File Builder\Components\Default2022\webfonts\fa-regular-400.woff2 -&gt; C:\Users\quent\Documents\School\University\Software project\Documentatie\backend-Docs\Working\Output\Website\webfonts\fa-regular-400.woff2
C:\Program Files (x86)\EWSoftware\Sandcastle Help File Builder\Components\Default2022\webfonts\fa-solid-900.ttf -&gt; C:\Users\quent\Documents\School\University\Software project\Documentatie\backend-Docs\Working\Output\Website\webfonts\fa-solid-900.ttf
C:\Program Files (x86)\EWSoftware\Sandcastle Help File Builder\Components\Default2022\webfonts\fa-solid-900.woff2 -&gt; C:\Users\quent\Documents\School\University\Software project\Documentatie\backend-Docs\Working\Output\Website\webfonts\fa-solid-900.woff2
C:\Program Files (x86)\EWSoftware\Sandcastle Help File Builder\Components\Default2022\webfonts\fa-v4compatibility.ttf -&gt; C:\Users\quent\Documents\School\University\Software project\Documentatie\backend-Docs\Working\Output\Website\webfonts\fa-v4compatibility.ttf
C:\Program Files (x86)\EWSoftware\Sandcastle Help File Builder\Components\Default2022\webfonts\fa-v4compatibility.woff2 -&gt; C:\Users\quent\Documents\School\University\Software project\Documentatie\backend-Docs\Working\Output\Website\webfonts\fa-v4compatibility.woff2
C:\Program Files (x86)\EWSoftware\Sandcastle Help File Builder\Components\Default2022\RootWebsiteContent\GeneralError.html -&gt; C:\Users\quent\Documents\School\University\Software project\Documentatie\backend-Docs\Working\Output\Website\GeneralError.html
C:\Program Files (x86)\EWSoftware\Sandcastle Help File Builder\Components\Default2022\RootWebsiteContent\index.html -&gt; C:\Users\quent\Documents\School\University\Software project\Documentatie\backend-Docs\Working\Output\Website\index.html
C:\Program Files (x86)\EWSoftware\Sandcastle Help File Builder\Components\Default2022\RootWebsiteContent\PageNotFound.html -&gt; C:\Users\quent\Documents\School\University\Software project\Documentatie\backend-Docs\Working\Output\Website\PageNotFound.html
C:\Program Files (x86)\EWSoftware\Sandcastle Help File Builder\Components\Default2022\RootWebsiteContent\search.html -&gt; C:\Users\quent\Documents\School\University\Software project\Documentatie\backend-Docs\Working\Output\Website\search.html
C:\Program Files (x86)\EWSoftware\Sandcastle Help File Builder\Components\Default2022\RootWebsiteContent\SearchHelp.aspx -&gt; C:\Users\quent\Documents\School\University\Software project\Documentatie\backend-Docs\Working\Output\Website\SearchHelp.aspx
C:\Program Files (x86)\EWSoftware\Sandcastle Help File Builder\Components\Default2022\RootWebsiteContent\SearchHelp.inc.php -&gt; C:\Users\quent\Documents\School\University\Software project\Documentatie\backend-Docs\Working\Output\Website\SearchHelp.inc.php
C:\Program Files (x86)\EWSoftware\Sandcastle Help File Builder\Components\Default2022\RootWebsiteContent\SearchHelp.php -&gt; C:\Users\quent\Documents\School\University\Software project\Documentatie\backend-Docs\Working\Output\Website\SearchHelp.php
C:\Program Files (x86)\EWSoftware\Sandcastle Help File Builder\Components\Default2022\RootWebsiteContent\Web.Config -&gt; C:\Users\quent\Documents\School\University\Software project\Documentatie\backend-Docs\Working\Output\Website\Web.Config
    Last step completed in 00:00:00,2600
</buildStep>
<buildStep step="GenerateFullTextIndex">
Generating full-text index for the website...

    Last step completed in 00:00:00,2898
</buildStep>
<buildStep step="CopyingWebsiteFiles">
Copying website files to output folder...

Copied 500 files
Copied 658 files for the website content
    Last step completed in 00:00:00,7283
</buildStep>
<buildStep step="CleanIntermediates">
Removing intermediate files...
    Last step completed in 00:00:00,1289
</buildStep>
<buildStep step="Completed">

Build completed successfully at 30/01/2024 12:23:33.  Total time: 00:00:21,8318

</buildStep>
</shfbBuild>
