<?xml version="1.0" encoding="utf-8"?>
<shfbBuild product="Sandcastle Help File Builder and Tools" version="2023.7.8.0" projectFile="C:\Users\quent\Documents\School\University\Software project\Documentatie\Secodash.shfbproj" started="25/01/2024 17:52:02">
<buildStep step="Initializing">
The Sandcastle tools are located in &#39;C:\Program Files (x86)\EWSoftware\Sandcastle Help File Builder&#39;
Locating components in the following folder(s):
    C:\Users\quent\Documents\School\University\Software project\Documentatie
    C:\ProgramData\EWSoftware\Sandcastle Help File Builder\Components and Plug-Ins
    C:\Program Files (x86)\EWSoftware\Sandcastle Help File Builder\Components
Using framework reflection data for &#39;.NET Framework 4.7.2&#39; located in &#39;C:\Program Files (x86)\EWSoftware\Sandcastle Help File Builder\Data\.NETFramework&#39;
Using presentation style &#39;Markdown&#39; located in &#39;C:\Program Files (x86)\EWSoftware\Sandcastle Help File Builder\Components\Markdown&#39;
-------------------------------
Clearing any prior web/markdown output...
</buildStep>
<buildStep step="ValidatingDocumentationSources">
Validating and copying documentation source information
Source: C:\Users\quent\Documents\School\University\Software project\Secodash\Software-Ecosystems\spider\spider\bin\Release\net8.0\spider.dll
    Found assembly &#39;C:\Users\quent\Documents\School\University\Software project\Secodash\Software-Ecosystems\spider\spider\bin\Release\net8.0\spider.dll&#39;
Source: C:\Users\quent\Documents\School\University\Software project\Secodash\Software-Ecosystems\spider\spider\bin\Release\net8.0\spider.xml
SHFB: Warning BE0006: Unable to locate any documentation sources for &#39;C:\Users\quent\Documents\School\University\Software project\Secodash\Software-Ecosystems\spider\spider\bin\Release\net8.0\spider.xml&#39; (Configuration: Debug Platform: AnyCPU)
Source: C:\Users\quent\Documents\School\University\Software project\Secodash\Software-Ecosystems\spider\spider\spider.csproj
    Found project &#39;C:\Users\quent\Documents\School\University\Software project\Secodash\Software-Ecosystems\spider\spider\spider.csproj&#39;

Parsing project files
    Found assembly &#39;C:\Users\quent\Documents\School\University\Software project\Secodash\Software-Ecosystems\spider\spider\bin\Debug\net8.0\spider.dll&#39; (.NETCoreApp 8.0)
SHFB: Warning BE0007: A project with a different or higher framework version was found.  Changing project FrameworkVersion property from &#39;.NET Framework 4.7.2&#39; to &#39;.NET Core/.NET Standard/.NET 5.0+&#39; for the build.

References to include:
    C:\Users\quent\Documents\School\University\Software project\Secodash\Software-Ecosystems\spider\spider\bin\Debug\net8.0\spider.dll
    GraphQL.Client
    GraphQL.Client.Abstractions
    GraphQL.Client.Abstractions.Websocket
    GraphQL.Client.Serializer.SystemTextJson
    GraphQL.Primitives
    Microsoft.AspNetCore
    Microsoft.AspNetCore.Antiforgery
    Microsoft.AspNetCore.Authentication
    Microsoft.AspNetCore.Authentication.Abstractions
    Microsoft.AspNetCore.Authentication.BearerToken
    Microsoft.AspNetCore.Authentication.Cookies
    Microsoft.AspNetCore.Authentication.Core
    Microsoft.AspNetCore.Authentication.OAuth
    Microsoft.AspNetCore.Authorization
    Microsoft.AspNetCore.Authorization.Policy
    Microsoft.AspNetCore.Components
    Microsoft.AspNetCore.Components.Authorization
    Microsoft.AspNetCore.Components.Endpoints
    Microsoft.AspNetCore.Components.Forms
    Microsoft.AspNetCore.Components.Server
    Microsoft.AspNetCore.Components.Web
    Microsoft.AspNetCore.Connections.Abstractions
    Microsoft.AspNetCore.CookiePolicy
    Microsoft.AspNetCore.Cors
    Microsoft.AspNetCore.Cryptography.Internal
    Microsoft.AspNetCore.Cryptography.KeyDerivation
    Microsoft.AspNetCore.DataProtection
    Microsoft.AspNetCore.DataProtection.Abstractions
    Microsoft.AspNetCore.DataProtection.Extensions
    Microsoft.AspNetCore.Diagnostics
    Microsoft.AspNetCore.Diagnostics.Abstractions
    Microsoft.AspNetCore.Diagnostics.HealthChecks
    Microsoft.AspNetCore.HostFiltering
    Microsoft.AspNetCore.Hosting
    Microsoft.AspNetCore.Hosting.Abstractions
    Microsoft.AspNetCore.Hosting.Server.Abstractions
    Microsoft.AspNetCore.Html.Abstractions
    Microsoft.AspNetCore.Http
    Microsoft.AspNetCore.Http.Abstractions
    Microsoft.AspNetCore.Http.Connections
    Microsoft.AspNetCore.Http.Connections.Common
    Microsoft.AspNetCore.Http.Extensions
    Microsoft.AspNetCore.Http.Features
    Microsoft.AspNetCore.Http.Results
    Microsoft.AspNetCore.HttpLogging
    Microsoft.AspNetCore.HttpOverrides
    Microsoft.AspNetCore.HttpsPolicy
    Microsoft.AspNetCore.Identity
    Microsoft.AspNetCore.Localization
    Microsoft.AspNetCore.Localization.Routing
    Microsoft.AspNetCore.Metadata
    Microsoft.AspNetCore.Mvc
    Microsoft.AspNetCore.Mvc.Abstractions
    Microsoft.AspNetCore.Mvc.ApiExplorer
    Microsoft.AspNetCore.Mvc.Core
    Microsoft.AspNetCore.Mvc.Cors
    Microsoft.AspNetCore.Mvc.DataAnnotations
    Microsoft.AspNetCore.Mvc.Formatters.Json
    Microsoft.AspNetCore.Mvc.Formatters.Xml
    Microsoft.AspNetCore.Mvc.Localization
    Microsoft.AspNetCore.Mvc.Razor
    Microsoft.AspNetCore.Mvc.RazorPages
    Microsoft.AspNetCore.Mvc.TagHelpers
    Microsoft.AspNetCore.Mvc.ViewFeatures
    Microsoft.AspNetCore.OpenApi
    Microsoft.AspNetCore.OutputCaching
    Microsoft.AspNetCore.RateLimiting
    Microsoft.AspNetCore.Razor
    Microsoft.AspNetCore.Razor.Runtime
    Microsoft.AspNetCore.RequestDecompression
    Microsoft.AspNetCore.ResponseCaching
    Microsoft.AspNetCore.ResponseCaching.Abstractions
    Microsoft.AspNetCore.ResponseCompression
    Microsoft.AspNetCore.Rewrite
    Microsoft.AspNetCore.Routing
    Microsoft.AspNetCore.Routing.Abstractions
    Microsoft.AspNetCore.Server.HttpSys
    Microsoft.AspNetCore.Server.IIS
    Microsoft.AspNetCore.Server.IISIntegration
    Microsoft.AspNetCore.Server.Kestrel
    Microsoft.AspNetCore.Server.Kestrel.Core
    Microsoft.AspNetCore.Server.Kestrel.Transport.NamedPipes
    Microsoft.AspNetCore.Server.Kestrel.Transport.Quic
    Microsoft.AspNetCore.Server.Kestrel.Transport.Sockets
    Microsoft.AspNetCore.Session
    Microsoft.AspNetCore.SignalR
    Microsoft.AspNetCore.SignalR.Common
    Microsoft.AspNetCore.SignalR.Core
    Microsoft.AspNetCore.SignalR.Protocols.Json
    Microsoft.AspNetCore.StaticFiles
    Microsoft.AspNetCore.WebSockets
    Microsoft.AspNetCore.WebUtilities
    Microsoft.CSharp
    Microsoft.Extensions.Caching.Abstractions
    Microsoft.Extensions.Caching.Memory
    Microsoft.Extensions.Configuration
    Microsoft.Extensions.Configuration.Abstractions
    Microsoft.Extensions.Configuration.Binder
    Microsoft.Extensions.Configuration.CommandLine
    Microsoft.Extensions.Configuration.EnvironmentVariables
    Microsoft.Extensions.Configuration.FileExtensions
    Microsoft.Extensions.Configuration.Ini
    Microsoft.Extensions.Configuration.Json
    Microsoft.Extensions.Configuration.KeyPerFile
    Microsoft.Extensions.Configuration.UserSecrets
    Microsoft.Extensions.Configuration.Xml
    Microsoft.Extensions.DependencyInjection
    Microsoft.Extensions.DependencyInjection.Abstractions
    Microsoft.Extensions.Diagnostics
    Microsoft.Extensions.Diagnostics.Abstractions
    Microsoft.Extensions.Diagnostics.HealthChecks
    Microsoft.Extensions.Diagnostics.HealthChecks.Abstractions
    Microsoft.Extensions.Features
    Microsoft.Extensions.FileProviders.Abstractions
    Microsoft.Extensions.FileProviders.Composite
    Microsoft.Extensions.FileProviders.Embedded
    Microsoft.Extensions.FileProviders.Physical
    Microsoft.Extensions.FileSystemGlobbing
    Microsoft.Extensions.Hosting
    Microsoft.Extensions.Hosting.Abstractions
    Microsoft.Extensions.Http
    Microsoft.Extensions.Identity.Core
    Microsoft.Extensions.Identity.Stores
    Microsoft.Extensions.Localization
    Microsoft.Extensions.Localization.Abstractions
    Microsoft.Extensions.Logging
    Microsoft.Extensions.Logging.Abstractions
    Microsoft.Extensions.Logging.Configuration
    Microsoft.Extensions.Logging.Console
    Microsoft.Extensions.Logging.Debug
    Microsoft.Extensions.Logging.EventLog
    Microsoft.Extensions.Logging.EventSource
    Microsoft.Extensions.Logging.TraceSource
    Microsoft.Extensions.ObjectPool
    Microsoft.Extensions.Options
    Microsoft.Extensions.Options.ConfigurationExtensions
    Microsoft.Extensions.Options.DataAnnotations
    Microsoft.Extensions.Primitives
    Microsoft.Extensions.WebEncoders
    Microsoft.JSInterop
    Microsoft.Net.Http.Headers
    Microsoft.OpenApi
    Microsoft.VisualBasic
    Microsoft.VisualBasic.Core
    Microsoft.Win32.Primitives
    Microsoft.Win32.Registry
    mscorlib
    netstandard
    RestSharp
    Swashbuckle.AspNetCore.Swagger
    Swashbuckle.AspNetCore.SwaggerGen
    Swashbuckle.AspNetCore.SwaggerUI
    System
    System.AppContext
    System.Buffers
    System.Collections
    System.Collections.Concurrent
    System.Collections.Immutable
    System.Collections.NonGeneric
    System.Collections.Specialized
    System.ComponentModel
    System.ComponentModel.Annotations
    System.ComponentModel.DataAnnotations
    System.ComponentModel.EventBasedAsync
    System.ComponentModel.Primitives
    System.ComponentModel.TypeConverter
    System.Configuration
    System.Console
    System.Core
    System.Data
    System.Data.Common
    System.Data.DataSetExtensions
    System.Diagnostics.Contracts
    System.Diagnostics.Debug
    System.Diagnostics.DiagnosticSource
    System.Diagnostics.EventLog
    System.Diagnostics.FileVersionInfo
    System.Diagnostics.Process
    System.Diagnostics.StackTrace
    System.Diagnostics.TextWriterTraceListener
    System.Diagnostics.Tools
    System.Diagnostics.TraceSource
    System.Diagnostics.Tracing
    System.Drawing
    System.Drawing.Primitives
    System.Dynamic.Runtime
    System.Formats.Asn1
    System.Formats.Tar
    System.Globalization
    System.Globalization.Calendars
    System.Globalization.Extensions
    System.IO
    System.IO.Compression
    System.IO.Compression.Brotli
    System.IO.Compression.FileSystem
    System.IO.Compression.ZipFile
    System.IO.FileSystem
    System.IO.FileSystem.AccessControl
    System.IO.FileSystem.DriveInfo
    System.IO.FileSystem.Primitives
    System.IO.FileSystem.Watcher
    System.IO.IsolatedStorage
    System.IO.MemoryMappedFiles
    System.IO.Pipelines
    System.IO.Pipes
    System.IO.Pipes.AccessControl
    System.IO.UnmanagedMemoryStream
    System.Linq
    System.Linq.Expressions
    System.Linq.Parallel
    System.Linq.Queryable
    System.Memory
    System.Net
    System.Net.Http
    System.Net.Http.Json
    System.Net.HttpListener
    System.Net.Mail
    System.Net.NameResolution
    System.Net.NetworkInformation
    System.Net.Ping
    System.Net.Primitives
    System.Net.Quic
    System.Net.Requests
    System.Net.Security
    System.Net.ServicePoint
    System.Net.Sockets
    System.Net.WebClient
    System.Net.WebHeaderCollection
    System.Net.WebProxy
    System.Net.WebSockets
    System.Net.WebSockets.Client
    System.Numerics
    System.Numerics.Vectors
    System.ObjectModel
    System.Reactive
    System.Reflection
    System.Reflection.DispatchProxy
    System.Reflection.Emit
    System.Reflection.Emit.ILGeneration
    System.Reflection.Emit.Lightweight
    System.Reflection.Extensions
    System.Reflection.Metadata
    System.Reflection.Primitives
    System.Reflection.TypeExtensions
    System.Resources.Reader
    System.Resources.ResourceManager
    System.Resources.Writer
    System.Runtime
    System.Runtime.CompilerServices.Unsafe
    System.Runtime.CompilerServices.VisualC
    System.Runtime.Extensions
    System.Runtime.Handles
    System.Runtime.InteropServices
    System.Runtime.InteropServices.JavaScript
    System.Runtime.InteropServices.RuntimeInformation
    System.Runtime.Intrinsics
    System.Runtime.Loader
    System.Runtime.Numerics
    System.Runtime.Serialization
    System.Runtime.Serialization.Formatters
    System.Runtime.Serialization.Json
    System.Runtime.Serialization.Primitives
    System.Runtime.Serialization.Xml
    System.Security
    System.Security.AccessControl
    System.Security.Claims
    System.Security.Cryptography
    System.Security.Cryptography.Algorithms
    System.Security.Cryptography.Cng
    System.Security.Cryptography.Csp
    System.Security.Cryptography.Encoding
    System.Security.Cryptography.OpenSsl
    System.Security.Cryptography.Primitives
    System.Security.Cryptography.X509Certificates
    System.Security.Cryptography.Xml
    System.Security.Principal
    System.Security.Principal.Windows
    System.Security.SecureString
    System.ServiceModel.Web
    System.ServiceProcess
    System.Text.Encoding
    System.Text.Encoding.CodePages
    System.Text.Encoding.Extensions
    System.Text.Encodings.Web
    System.Text.Json
    System.Text.RegularExpressions
    System.Threading
    System.Threading.Channels
    System.Threading.Overlapped
    System.Threading.RateLimiting
    System.Threading.Tasks
    System.Threading.Tasks.Dataflow
    System.Threading.Tasks.Extensions
    System.Threading.Tasks.Parallel
    System.Threading.Thread
    System.Threading.ThreadPool
    System.Threading.Timer
    System.Transactions
    System.Transactions.Local
    System.ValueTuple
    System.Web
    System.Web.HttpUtility
    System.Windows
    System.Xml
    System.Xml.Linq
    System.Xml.ReaderWriter
    System.Xml.Serialization
    System.Xml.XDocument
    System.Xml.XmlDocument
    System.Xml.XmlSerializer
    System.Xml.XPath
    System.Xml.XPath.XDocument
    WindowsBase
SHFB: Warning BE0062: No documentation source XML comments files found.  The help file will not contain any member comments.
</buildStep>
<buildStep step="GenerateSharedContent">
Generating shared content files (en-US, English (United States))...
    Last step completed in 00:00:00,0015
</buildStep>
<buildStep step="GenerateApiFilter">
Generating API filter for MRefBuilder...
    Last step completed in 00:00:00,0000
</buildStep>
<buildStep step="GenerateReflectionInfo">
Generating reflection information...
[C:\Program Files (x86)\Microsoft Visual Studio\2019\Community\MSBuild\Current\Bin\MSBuild.exe - GenerateRefInfo-0b4d4087-ce5c-42b0-bb4e-9458f16931ab.proj]
Build started 25/01/2024 17:52:03.
Project &quot;C:\Users\quent\Documents\School\University\Software project\Documentatie\Help\Working\GenerateRefInfo-0b4d4087-ce5c-42b0-bb4e-9458f16931ab.proj&quot; on node 1 (default targets).
PrepareForBuild:
  Creating directory &quot;obj\Debug\&quot;.
GenerateBindingRedirects:
  No suggested binding redirects from ResolveAssemblyReferences.
GenerateRefInfo:
  Microsoft.Build (v16.11.2+f3225964253d565862806752e54a7608191a9035)
  &#184; Microsoft Corporation. All rights reserved.
  No source code context base path specified.  Source context information is unavailable.
  Loaded 2 assemblies for reflection and 318 dependency assemblies.
  Using framework redirect &#39;System.Text.Json, Version=8.0.0.0, Culture=neutral, PublicKeyToken=cc7b13ffcd2ddd51&#39; in place of &#39;System.Text.Json, Version=8.0.0.0, Culture=neutral, PublicKeyToken=cc7b13ffcd2ddd51&#39;
  Wrote information on 7 namespaces, 86 types, and 327 members
  Merging duplicate type and member information
  Merged 84 duplicate type(s) and 159 duplicate member(s)
Done Building Project &quot;C:\Users\quent\Documents\School\University\Software project\Documentatie\Help\Working\GenerateRefInfo-0b4d4087-ce5c-42b0-bb4e-9458f16931ab.proj&quot; (default targets).
    Last step completed in 00:00:01,2620
</buildStep>
<buildStep step="ApplyDocumentModel">
Applying document model to reflection output...
    Last step completed in 00:00:00,0697
</buildStep>
<buildStep step="AddApiTopicFilenames">
Adding topic filenames to API members...
    Last step completed in 00:00:00,0901
</buildStep>
<buildStep step="GenerateApiTopicManifest">
Generating API topic manifest...
    Last step completed in 00:00:00,0741
</buildStep>
<buildStep step="GenerateNamespaceSummaries">
Generating namespace summary information...
    Last step completed in 00:00:03,2262
</buildStep>
<buildStep step="GenerateInheritedDocumentation">
Generating inherited documentation...
[C:\Program Files (x86)\Microsoft Visual Studio\2019\Community\MSBuild\Current\Bin\MSBuild.exe - GenerateInheritedDocs.proj]
    Last step completed in 00:00:02,4015
</buildStep>
<buildStep step="CopyAdditionalContent">
Copying additional content files...
No additional content to copy
    Last step completed in 00:00:00,0000
</buildStep>
<buildStep step="MergeTablesOfContents">
Merging conceptual and additional tables of contents...
    Last step completed in 00:00:00,0001
</buildStep>
<buildStep step="GenerateIntermediateTableOfContents">
Generating intermediate table of contents file for API content...
Generating conceptual content intermediate TOC file...
    Last step completed in 00:00:00,0424
</buildStep>
<buildStep step="CreateBuildAssemblerConfigs">
Creating Sandcastle configuration files...
    Last step completed in 00:00:00,7639
</buildStep>
<buildStep step="CombiningIntermediateTocFiles">
Combining conceptual and API intermediate TOC files...
    Last step completed in 00:00:00,0009
</buildStep>
<buildStep step="MergeCustomConfigs">
Merging custom build component configurations
C:\Users\quent\Documents\School\University\Software project\Documentatie\Help\Working\BuildAssembler.config
  Updating reference topic configurations.
  No conceptual content.  Removing conceptual content components.
    Last step completed in 00:00:00,0164
</buildStep>
<buildStep step="BuildTopics">
Building help topics...
Loading configuration...
ResolveReferenceLinksComponent: The member ID URL cache &#39;C:\Users\quent\AppData\Local\EWSoftware\Sandcastle Help File Builder\Cache\MemberIdUrl.cache&#39; does not exist yet.  All IDs will be looked up in this build which will slow it down.
Processing topics...
SHFB: Warning BE0066: ShowMissingComponent: [N:spider.Controllers] Missing &lt;summary&gt; documentation
SHFB: Warning BE0066: ShowMissingComponent: [T:spider.Controllers.SpiderController] Missing &lt;summary&gt; documentation
SHFB: Warning BE0066: ResolveReferenceLinksComponent: [T:spider.Controllers.SpiderController] Member ID URL resolver service failed.  No further look ups will be performed for this build.
Reason: The remote server returned an error: (403) Forbidden.
SHFB: Warning BE0066: ShowMissingComponent: [M:spider.Controllers.SpiderController.#ctor(spider.Services.ISpiderProjectService)] Missing &lt;param name=&quot;spiderProjectService&quot;/&gt; documentation
SHFB: Warning BE0066: ShowMissingComponent: [M:spider.Controllers.SpiderController.GetByKeyword(System.String,System.Int32)] Missing &lt;summary&gt; documentation
SHFB: Warning BE0066: ShowMissingComponent: [M:spider.Controllers.SpiderController.GetByKeyword(System.String,System.Int32)] Missing &lt;returns&gt; documentation
SHFB: Warning BE0066: ShowMissingComponent: [M:spider.Controllers.SpiderController.GetByKeyword(System.String,System.Int32)] Missing &lt;param name=&quot;name&quot;/&gt; documentation
SHFB: Warning BE0066: ShowMissingComponent: [M:spider.Controllers.SpiderController.GetByKeyword(System.String,System.Int32)] Missing &lt;param name=&quot;amount&quot;/&gt; documentation
SHFB: Warning BE0066: ShowMissingComponent: [M:spider.Controllers.SpiderController.GetByKeyword(System.String,System.Int32,System.String)] Missing &lt;summary&gt; documentation
SHFB: Warning BE0066: ShowMissingComponent: [M:spider.Controllers.SpiderController.GetByKeyword(System.String,System.Int32,System.String)] Missing &lt;returns&gt; documentation
SHFB: Warning BE0066: ShowMissingComponent: [M:spider.Controllers.SpiderController.GetByKeyword(System.String,System.Int32,System.String)] Missing &lt;param name=&quot;name&quot;/&gt; documentation
SHFB: Warning BE0066: ShowMissingComponent: [M:spider.Controllers.SpiderController.GetByKeyword(System.String,System.Int32,System.String)] Missing &lt;param name=&quot;amount&quot;/&gt; documentation
SHFB: Warning BE0066: ShowMissingComponent: [M:spider.Controllers.SpiderController.GetByKeyword(System.String,System.Int32,System.String)] Missing &lt;param name=&quot;startCursor&quot;/&gt; documentation
SHFB: Warning BE0066: ShowMissingComponent: [M:spider.Controllers.SpiderController.GetByName(System.String,System.String)] Missing &lt;summary&gt; documentation
SHFB: Warning BE0066: ShowMissingComponent: [M:spider.Controllers.SpiderController.GetByName(System.String,System.String)] Missing &lt;returns&gt; documentation
SHFB: Warning BE0066: ShowMissingComponent: [M:spider.Controllers.SpiderController.GetByName(System.String,System.String)] Missing &lt;param name=&quot;name&quot;/&gt; documentation
SHFB: Warning BE0066: ShowMissingComponent: [M:spider.Controllers.SpiderController.GetByName(System.String,System.String)] Missing &lt;param name=&quot;ownerName&quot;/&gt; documentation
SHFB: Warning BE0066: ShowMissingComponent: [M:spider.Controllers.SpiderController.GetByNames(System.Collections.Generic.List{spider.Dtos.ProjectRequestDto})] Missing &lt;summary&gt; documentation
SHFB: Warning BE0066: ShowMissingComponent: [M:spider.Controllers.SpiderController.GetByNames(System.Collections.Generic.List{spider.Dtos.ProjectRequestDto})] Missing &lt;returns&gt; documentation
SHFB: Warning BE0066: ShowMissingComponent: [M:spider.Controllers.SpiderController.GetByNames(System.Collections.Generic.List{spider.Dtos.ProjectRequestDto})] Missing &lt;param name=&quot;repos&quot;/&gt; documentation
SHFB: Warning BE0066: ShowMissingComponent: [M:spider.Controllers.SpiderController.GetByTopic(System.String,System.Int32)] Missing &lt;summary&gt; documentation
SHFB: Warning BE0066: ShowMissingComponent: [M:spider.Controllers.SpiderController.GetByTopic(System.String,System.Int32)] Missing &lt;returns&gt; documentation
SHFB: Warning BE0066: ShowMissingComponent: [M:spider.Controllers.SpiderController.GetByTopic(System.String,System.Int32)] Missing &lt;param name=&quot;topic&quot;/&gt; documentation
SHFB: Warning BE0066: ShowMissingComponent: [M:spider.Controllers.SpiderController.GetByTopic(System.String,System.Int32)] Missing &lt;param name=&quot;amount&quot;/&gt; documentation
SHFB: Warning BE0066: ShowMissingComponent: [M:spider.Controllers.SpiderController.GetByTopic(System.String,System.Int32,System.String)] Missing &lt;summary&gt; documentation
SHFB: Warning BE0066: ShowMissingComponent: [M:spider.Controllers.SpiderController.GetByTopic(System.String,System.Int32,System.String)] Missing &lt;returns&gt; documentation
SHFB: Warning BE0066: ShowMissingComponent: [M:spider.Controllers.SpiderController.GetByTopic(System.String,System.Int32,System.String)] Missing &lt;param name=&quot;topic&quot;/&gt; documentation
SHFB: Warning BE0066: ShowMissingComponent: [M:spider.Controllers.SpiderController.GetByTopic(System.String,System.Int32,System.String)] Missing &lt;param name=&quot;amount&quot;/&gt; documentation
SHFB: Warning BE0066: ShowMissingComponent: [M:spider.Controllers.SpiderController.GetByTopic(System.String,System.Int32,System.String)] Missing &lt;param name=&quot;startCursor&quot;/&gt; documentation
SHFB: Warning BE0066: ShowMissingComponent: [M:spider.Controllers.SpiderController.GetContributorsByName(System.String,System.String,System.Int32)] Missing &lt;summary&gt; documentation
SHFB: Warning BE0066: ShowMissingComponent: [M:spider.Controllers.SpiderController.GetContributorsByName(System.String,System.String,System.Int32)] Missing &lt;returns&gt; documentation
SHFB: Warning BE0066: ShowMissingComponent: [M:spider.Controllers.SpiderController.GetContributorsByName(System.String,System.String,System.Int32)] Missing &lt;param name=&quot;name&quot;/&gt; documentation
SHFB: Warning BE0066: ShowMissingComponent: [M:spider.Controllers.SpiderController.GetContributorsByName(System.String,System.String,System.Int32)] Missing &lt;param name=&quot;ownerName&quot;/&gt; documentation
SHFB: Warning BE0066: ShowMissingComponent: [M:spider.Controllers.SpiderController.GetContributorsByName(System.String,System.String,System.Int32)] Missing &lt;param name=&quot;amount&quot;/&gt; documentation
SHFB: Warning BE0066: ShowMissingComponent: [N:spider.Converters] Missing &lt;summary&gt; documentation
SHFB: Warning BE0066: ShowMissingComponent: [T:spider.Converters.GraphqlDataConverter] Missing &lt;summary&gt; documentation
SHFB: Warning BE0066: ShowMissingComponent: [M:spider.Converters.GraphqlDataConverter.DataToProjectDtos(spider.Models.Graphql.Repository[])] Missing &lt;summary&gt; documentation
SHFB: Warning BE0066: ShowMissingComponent: [M:spider.Converters.GraphqlDataConverter.DataToProjectDtos(spider.Models.Graphql.Repository[])] Missing &lt;returns&gt; documentation
SHFB: Warning BE0066: ShowMissingComponent: [M:spider.Converters.GraphqlDataConverter.DataToProjectDtos(spider.Models.Graphql.Repository[])] Missing &lt;param name=&quot;nodes&quot;/&gt; documentation
SHFB: Warning BE0066: ShowMissingComponent: [M:spider.Converters.GraphqlDataConverter.RepositoryToProject(spider.Models.Graphql.Repository)] Missing &lt;summary&gt; documentation
SHFB: Warning BE0066: ShowMissingComponent: [M:spider.Converters.GraphqlDataConverter.RepositoryToProject(spider.Models.Graphql.Repository)] Missing &lt;returns&gt; documentation
SHFB: Warning BE0066: ShowMissingComponent: [M:spider.Converters.GraphqlDataConverter.RepositoryToProject(spider.Models.Graphql.Repository)] Missing &lt;param name=&quot;repository&quot;/&gt; documentation
SHFB: Warning BE0066: ShowMissingComponent: [M:spider.Converters.GraphqlDataConverter.SearchToProjects(spider.Models.Graphql.SpiderData)] Missing &lt;summary&gt; documentation
SHFB: Warning BE0066: ShowMissingComponent: [M:spider.Converters.GraphqlDataConverter.SearchToProjects(spider.Models.Graphql.SpiderData)] Missing &lt;returns&gt; documentation
SHFB: Warning BE0066: ShowMissingComponent: [M:spider.Converters.GraphqlDataConverter.SearchToProjects(spider.Models.Graphql.SpiderData)] Missing &lt;param name=&quot;data&quot;/&gt; documentation
SHFB: Warning BE0066: ShowMissingComponent: [M:spider.Converters.GraphqlDataConverter.TopicSearchToProjects(spider.Models.Graphql.TopicSearchData)] Missing &lt;summary&gt; documentation
SHFB: Warning BE0066: ShowMissingComponent: [M:spider.Converters.GraphqlDataConverter.TopicSearchToProjects(spider.Models.Graphql.TopicSearchData)] Missing &lt;returns&gt; documentation
SHFB: Warning BE0066: ShowMissingComponent: [M:spider.Converters.GraphqlDataConverter.TopicSearchToProjects(spider.Models.Graphql.TopicSearchData)] Missing &lt;param name=&quot;data&quot;/&gt; documentation
SHFB: Warning BE0066: ShowMissingComponent: [T:spider.Converters.IGraphqlDataConverter] Missing &lt;summary&gt; documentation
SHFB: Warning BE0066: ShowMissingComponent: [M:spider.Converters.IGraphqlDataConverter.RepositoryToProject(spider.Models.Graphql.Repository)] Missing &lt;summary&gt; documentation
SHFB: Warning BE0066: ShowMissingComponent: [M:spider.Converters.IGraphqlDataConverter.RepositoryToProject(spider.Models.Graphql.Repository)] Missing &lt;returns&gt; documentation
SHFB: Warning BE0066: ShowMissingComponent: [M:spider.Converters.IGraphqlDataConverter.RepositoryToProject(spider.Models.Graphql.Repository)] Missing &lt;param name=&quot;repository&quot;/&gt; documentation
SHFB: Warning BE0066: ShowMissingComponent: [M:spider.Converters.IGraphqlDataConverter.SearchToProjects(spider.Models.Graphql.SpiderData)] Missing &lt;summary&gt; documentation
SHFB: Warning BE0066: ShowMissingComponent: [M:spider.Converters.IGraphqlDataConverter.SearchToProjects(spider.Models.Graphql.SpiderData)] Missing &lt;returns&gt; documentation
SHFB: Warning BE0066: ShowMissingComponent: [M:spider.Converters.IGraphqlDataConverter.SearchToProjects(spider.Models.Graphql.SpiderData)] Missing &lt;param name=&quot;search&quot;/&gt; documentation
SHFB: Warning BE0066: ShowMissingComponent: [M:spider.Converters.IGraphqlDataConverter.TopicSearchToProjects(spider.Models.Graphql.TopicSearchData)] Missing &lt;summary&gt; documentation
SHFB: Warning BE0066: ShowMissingComponent: [M:spider.Converters.IGraphqlDataConverter.TopicSearchToProjects(spider.Models.Graphql.TopicSearchData)] Missing &lt;returns&gt; documentation
SHFB: Warning BE0066: ShowMissingComponent: [M:spider.Converters.IGraphqlDataConverter.TopicSearchToProjects(spider.Models.Graphql.TopicSearchData)] Missing &lt;param name=&quot;data&quot;/&gt; documentation
SHFB: Warning BE0066: ShowMissingComponent: [N:spider.Dtos] Missing &lt;summary&gt; documentation
SHFB: Warning BE0066: ShowMissingComponent: [T:spider.Dtos.ContributorDto] Missing &lt;summary&gt; documentation
SHFB: Warning BE0066: ShowMissingComponent: [P:spider.Dtos.ContributorDto.Contributions] Missing &lt;summary&gt; documentation
SHFB: Warning BE0066: ShowMissingComponent: [P:spider.Dtos.ContributorDto.Id] Missing &lt;summary&gt; documentation
SHFB: Warning BE0066: ShowMissingComponent: [P:spider.Dtos.ContributorDto.Login] Missing &lt;summary&gt; documentation
SHFB: Warning BE0066: ShowMissingComponent: [P:spider.Dtos.ContributorDto.NodeId] Missing &lt;summary&gt; documentation
SHFB: Warning BE0066: ShowMissingComponent: [P:spider.Dtos.ContributorDto.Type] Missing &lt;summary&gt; documentation
SHFB: Warning BE0066: ShowMissingComponent: [T:spider.Dtos.ProgrammingLanguageDto] Missing &lt;summary&gt; documentation
SHFB: Warning BE0066: ShowMissingComponent: [M:spider.Dtos.ProgrammingLanguageDto.#ctor(System.String,System.Single)] Missing &lt;param name=&quot;language&quot;/&gt; documentation
SHFB: Warning BE0066: ShowMissingComponent: [M:spider.Dtos.ProgrammingLanguageDto.#ctor(System.String,System.Single)] Missing &lt;param name=&quot;percentage&quot;/&gt; documentation
SHFB: Warning BE0066: ShowMissingComponent: [P:spider.Dtos.ProgrammingLanguageDto.Language] Missing &lt;summary&gt; documentation
SHFB: Warning BE0066: ShowMissingComponent: [P:spider.Dtos.ProgrammingLanguageDto.Percentage] Missing &lt;summary&gt; documentation
SHFB: Warning BE0066: ShowMissingComponent: [T:spider.Dtos.ProjectDto] Missing &lt;summary&gt; documentation
SHFB: Warning BE0066: ShowMissingComponent: [P:spider.Dtos.ProjectDto.Contributors] Missing &lt;summary&gt; documentation
SHFB: Warning BE0066: ShowMissingComponent: [P:spider.Dtos.ProjectDto.CreatedAt] Missing &lt;summary&gt; documentation
SHFB: Warning BE0066: ShowMissingComponent: [P:spider.Dtos.ProjectDto.Description] Missing &lt;summary&gt; documentation
SHFB: Warning BE0066: ShowMissingComponent: [P:spider.Dtos.ProjectDto.Id] Missing &lt;summary&gt; documentation
SHFB: Warning BE0066: ShowMissingComponent: [P:spider.Dtos.ProjectDto.Languages] Missing &lt;summary&gt; documentation
SHFB: Warning BE0066: ShowMissingComponent: [P:spider.Dtos.ProjectDto.LatestDefaultBranchCommitDate] Missing &lt;summary&gt; documentation
SHFB: Warning BE0066: ShowMissingComponent: [P:spider.Dtos.ProjectDto.Name] Missing &lt;summary&gt; documentation
SHFB: Warning BE0066: ShowMissingComponent: [P:spider.Dtos.ProjectDto.NumberOfStars] Missing &lt;summary&gt; documentation
SHFB: Warning BE0066: ShowMissingComponent: [P:spider.Dtos.ProjectDto.Owner] Missing &lt;summary&gt; documentation
SHFB: Warning BE0066: ShowMissingComponent: [P:spider.Dtos.ProjectDto.ReadMe] Missing &lt;summary&gt; documentation
SHFB: Warning BE0066: ShowMissingComponent: [P:spider.Dtos.ProjectDto.Topics] Missing &lt;summary&gt; documentation
SHFB: Warning BE0066: ShowMissingComponent: [P:spider.Dtos.ProjectDto.TotalSize] Missing &lt;summary&gt; documentation
SHFB: Warning BE0066: ShowMissingComponent: [T:spider.Dtos.ProjectRequestDto] Missing &lt;summary&gt; documentation
SHFB: Warning BE0066: ShowMissingComponent: [P:spider.Dtos.ProjectRequestDto.OwnerName] Missing &lt;summary&gt; documentation
SHFB: Warning BE0066: ShowMissingComponent: [P:spider.Dtos.ProjectRequestDto.RepoName] Missing &lt;summary&gt; documentation
SHFB: Warning BE0066: ShowMissingComponent: [N:spider.Logging] Missing &lt;summary&gt; documentation
SHFB: Warning BE0066: ShowMissingComponent: [T:spider.Logging.FileLogger] Missing &lt;summary&gt; documentation
SHFB: Warning BE0066: ShowMissingComponent: [M:spider.Logging.FileLogger.#ctor(spider.Logging.FileLoggerProvider)] Missing &lt;param name=&quot;fileLoggerProvider&quot;/&gt; documentation
SHFB: Warning BE0066: ShowMissingComponent: [M:spider.Logging.FileLogger.BeginScope``1(``0)] Missing &lt;summary&gt; documentation
SHFB: Warning BE0066: ShowMissingComponent: [M:spider.Logging.FileLogger.BeginScope``1(``0)] Missing &lt;typeparam name=&quot;TState&quot;/&gt; documentation
SHFB: Warning BE0066: ShowMissingComponent: [M:spider.Logging.FileLogger.BeginScope``1(``0)] Missing &lt;returns&gt; documentation
SHFB: Warning BE0066: ShowMissingComponent: [M:spider.Logging.FileLogger.BeginScope``1(``0)] Missing &lt;param name=&quot;state&quot;/&gt; documentation
SHFB: Warning BE0066: ShowMissingComponent: [M:spider.Logging.FileLogger.IsEnabled(Microsoft.Extensions.Logging.LogLevel)] Missing &lt;summary&gt; documentation
SHFB: Warning BE0066: ShowMissingComponent: [M:spider.Logging.FileLogger.IsEnabled(Microsoft.Extensions.Logging.LogLevel)] Missing &lt;returns&gt; documentation
SHFB: Warning BE0066: ShowMissingComponent: [M:spider.Logging.FileLogger.IsEnabled(Microsoft.Extensions.Logging.LogLevel)] Missing &lt;param name=&quot;logLevel&quot;/&gt; documentation
SHFB: Warning BE0066: ShowMissingComponent: [M:spider.Logging.FileLogger.Log``1(Microsoft.Extensions.Logging.LogLevel,Microsoft.Extensions.Logging.EventId,``0,System.Exception,System.Func{``0,System.Exception,System.String})] Missing &lt;summary&gt; documentation
SHFB: Warning BE0066: ShowMissingComponent: [M:spider.Logging.FileLogger.Log``1(Microsoft.Extensions.Logging.LogLevel,Microsoft.Extensions.Logging.EventId,``0,System.Exception,System.Func{``0,System.Exception,System.String})] Missing &lt;typeparam name=&quot;TState&quot;/&gt; documentation
SHFB: Warning BE0066: ShowMissingComponent: [M:spider.Logging.FileLogger.Log``1(Microsoft.Extensions.Logging.LogLevel,Microsoft.Extensions.Logging.EventId,``0,System.Exception,System.Func{``0,System.Exception,System.String})] Missing &lt;param name=&quot;logLevel&quot;/&gt; documentation
SHFB: Warning BE0066: ShowMissingComponent: [M:spider.Logging.FileLogger.Log``1(Microsoft.Extensions.Logging.LogLevel,Microsoft.Extensions.Logging.EventId,``0,System.Exception,System.Func{``0,System.Exception,System.String})] Missing &lt;param name=&quot;eventId&quot;/&gt; documentation
SHFB: Warning BE0066: ShowMissingComponent: [M:spider.Logging.FileLogger.Log``1(Microsoft.Extensions.Logging.LogLevel,Microsoft.Extensions.Logging.EventId,``0,System.Exception,System.Func{``0,System.Exception,System.String})] Missing &lt;param name=&quot;state&quot;/&gt; documentation
SHFB: Warning BE0066: ShowMissingComponent: [M:spider.Logging.FileLogger.Log``1(Microsoft.Extensions.Logging.LogLevel,Microsoft.Extensions.Logging.EventId,``0,System.Exception,System.Func{``0,System.Exception,System.String})] Missing &lt;param name=&quot;exception&quot;/&gt; documentation
SHFB: Warning BE0066: ShowMissingComponent: [M:spider.Logging.FileLogger.Log``1(Microsoft.Extensions.Logging.LogLevel,Microsoft.Extensions.Logging.EventId,``0,System.Exception,System.Func{``0,System.Exception,System.String})] Missing &lt;param name=&quot;formatter&quot;/&gt; documentation
SHFB: Warning BE0066: ShowMissingComponent: [T:spider.Logging.FileLoggerExtensions] Missing &lt;summary&gt; documentation
SHFB: Warning BE0066: ShowMissingComponent: [M:spider.Logging.FileLoggerExtensions.AddFileLogger(Microsoft.Extensions.Logging.ILoggingBuilder,System.Action{spider.Logging.FileLoggerOptions})] Missing &lt;summary&gt; documentation
SHFB: Warning BE0066: ShowMissingComponent: [M:spider.Logging.FileLoggerExtensions.AddFileLogger(Microsoft.Extensions.Logging.ILoggingBuilder,System.Action{spider.Logging.FileLoggerOptions})] Missing &lt;returns&gt; documentation
SHFB: Warning BE0066: ShowMissingComponent: [M:spider.Logging.FileLoggerExtensions.AddFileLogger(Microsoft.Extensions.Logging.ILoggingBuilder,System.Action{spider.Logging.FileLoggerOptions})] Missing &lt;param name=&quot;builder&quot;/&gt; documentation
SHFB: Warning BE0066: ShowMissingComponent: [M:spider.Logging.FileLoggerExtensions.AddFileLogger(Microsoft.Extensions.Logging.ILoggingBuilder,System.Action{spider.Logging.FileLoggerOptions})] Missing &lt;param name=&quot;configure&quot;/&gt; documentation
SHFB: Warning BE0066: ShowMissingComponent: [T:spider.Logging.FileLoggerHelper] Missing &lt;summary&gt; documentation
SHFB: Warning BE0066: ShowMissingComponent: [M:spider.Logging.FileLoggerHelper.AddRecord(System.String,System.String)] Missing &lt;summary&gt; documentation
SHFB: Warning BE0066: ShowMissingComponent: [M:spider.Logging.FileLoggerHelper.AddRecord(System.String,System.String)] Missing &lt;param name=&quot;logMessage&quot;/&gt; documentation
SHFB: Warning BE0066: ShowMissingComponent: [M:spider.Logging.FileLoggerHelper.AddRecord(System.String,System.String)] Missing &lt;param name=&quot;filePath&quot;/&gt; documentation
SHFB: Warning BE0066: ShowMissingComponent: [T:spider.Logging.FileLoggerOptions] Missing &lt;summary&gt; documentation
SHFB: Warning BE0066: ShowMissingComponent: [P:spider.Logging.FileLoggerOptions.FilePath] Missing &lt;summary&gt; documentation
SHFB: Warning BE0066: ShowMissingComponent: [P:spider.Logging.FileLoggerOptions.FolderPath] Missing &lt;summary&gt; documentation
SHFB: Warning BE0066: ShowMissingComponent: [T:spider.Logging.FileLoggerProvider] Missing &lt;summary&gt; documentation
SHFB: Warning BE0066: ShowMissingComponent: [M:spider.Logging.FileLoggerProvider.#ctor(Microsoft.Extensions.Options.IOptions{spider.Logging.FileLoggerOptions})] Missing &lt;param name=&quot;_options&quot;/&gt; documentation
SHFB: Warning BE0066: ShowMissingComponent: [M:spider.Logging.FileLoggerProvider.CreateLogger(System.String)] Missing &lt;summary&gt; documentation
SHFB: Warning BE0066: ShowMissingComponent: [M:spider.Logging.FileLoggerProvider.CreateLogger(System.String)] Missing &lt;returns&gt; documentation
SHFB: Warning BE0066: ShowMissingComponent: [M:spider.Logging.FileLoggerProvider.CreateLogger(System.String)] Missing &lt;param name=&quot;categoryName&quot;/&gt; documentation
SHFB: Warning BE0066: ShowMissingComponent: [F:spider.Logging.FileLoggerProvider.Options] Missing &lt;summary&gt; documentation
SHFB: Warning BE0066: ShowMissingComponent: [N:spider.Models.Graphql] Missing &lt;summary&gt; documentation
SHFB: Warning BE0066: ShowMissingComponent: [T:spider.Models.Graphql.Edges] Missing &lt;summary&gt; documentation
SHFB: Warning BE0066: ShowMissingComponent: [P:spider.Models.Graphql.Edges.Node] Missing &lt;summary&gt; documentation
SHFB: Warning BE0066: ShowMissingComponent: [T:spider.Models.Graphql.History] Missing &lt;summary&gt; documentation
SHFB: Warning BE0066: ShowMissingComponent: [P:spider.Models.Graphql.History.Edges] Missing &lt;summary&gt; documentation
SHFB: Warning BE0066: ShowMissingComponent: [T:spider.Models.Graphql.Language] Missing &lt;summary&gt; documentation
SHFB: Warning BE0066: ShowMissingComponent: [P:spider.Models.Graphql.Language.Node] Missing &lt;summary&gt; documentation
SHFB: Warning BE0066: ShowMissingComponent: [P:spider.Models.Graphql.Language.Size] Missing &lt;summary&gt; documentation
SHFB: Warning BE0066: ShowMissingComponent: [T:spider.Models.Graphql.LanguageName] Missing &lt;summary&gt; documentation
SHFB: Warning BE0066: ShowMissingComponent: [P:spider.Models.Graphql.LanguageName.Name] Missing &lt;summary&gt; documentation
SHFB: Warning BE0066: ShowMissingComponent: [T:spider.Models.Graphql.Languages] Missing &lt;summary&gt; documentation
SHFB: Warning BE0066: ShowMissingComponent: [P:spider.Models.Graphql.Languages.Edges] Missing &lt;summary&gt; documentation
SHFB: Warning BE0066: ShowMissingComponent: [P:spider.Models.Graphql.Languages.TotalSize] Missing &lt;summary&gt; documentation
SHFB: Warning BE0066: ShowMissingComponent: [T:spider.Models.Graphql.LatestRelease] Missing &lt;summary&gt; documentation
SHFB: Warning BE0066: ShowMissingComponent: [P:spider.Models.Graphql.LatestRelease.Name] Missing &lt;summary&gt; documentation
SHFB: Warning BE0066: ShowMissingComponent: [P:spider.Models.Graphql.LatestRelease.Target] Missing &lt;summary&gt; documentation
SHFB: Warning BE0066: ShowMissingComponent: [T:spider.Models.Graphql.Node] Missing &lt;summary&gt; documentation
SHFB: Warning BE0066: ShowMissingComponent: [P:spider.Models.Graphql.Node.CommittedDate] Missing &lt;summary&gt; documentation
SHFB: Warning BE0066: ShowMissingComponent: [T:spider.Models.Graphql.Owner] Missing &lt;summary&gt; documentation
SHFB: Warning BE0066: ShowMissingComponent: [P:spider.Models.Graphql.Owner.Login] Missing &lt;summary&gt; documentation
SHFB: Warning BE0066: ShowMissingComponent: [T:spider.Models.Graphql.PageInfo] Missing &lt;summary&gt; documentation
SHFB: Warning BE0066: ShowMissingComponent: [P:spider.Models.Graphql.PageInfo.EndCursor] Missing &lt;summary&gt; documentation
SHFB: Warning BE0066: ShowMissingComponent: [P:spider.Models.Graphql.PageInfo.HasNextPage] Missing &lt;summary&gt; documentation
SHFB: Warning BE0066: ShowMissingComponent: [P:spider.Models.Graphql.PageInfo.StartCursor] Missing &lt;summary&gt; documentation
SHFB: Warning BE0066: ShowMissingComponent: [T:spider.Models.Graphql.RateLimit] Missing &lt;summary&gt; documentation
SHFB: Warning BE0066: ShowMissingComponent: [P:spider.Models.Graphql.RateLimit.Cost] Missing &lt;summary&gt; documentation
SHFB: Warning BE0066: ShowMissingComponent: [P:spider.Models.Graphql.RateLimit.Limit] Missing &lt;summary&gt; documentation
SHFB: Warning BE0066: ShowMissingComponent: [P:spider.Models.Graphql.RateLimit.Remaining] Missing &lt;summary&gt; documentation
SHFB: Warning BE0066: ShowMissingComponent: [P:spider.Models.Graphql.RateLimit.ResetAt] Missing &lt;summary&gt; documentation
SHFB: Warning BE0066: ShowMissingComponent: [P:spider.Models.Graphql.RateLimit.Used] Missing &lt;summary&gt; documentation
SHFB: Warning BE0066: ShowMissingComponent: [T:spider.Models.Graphql.ReadMe] Missing &lt;summary&gt; documentation
SHFB: Warning BE0066: ShowMissingComponent: [P:spider.Models.Graphql.ReadMe.Text] Missing &lt;summary&gt; documentation
SHFB: Warning BE0066: ShowMissingComponent: [T:spider.Models.Graphql.Repository] Missing &lt;summary&gt; documentation
SHFB: Warning BE0066: ShowMissingComponent: [P:spider.Models.Graphql.Repository.CreatedAt] Missing &lt;summary&gt; documentation
SHFB: Warning BE0066: ShowMissingComponent: [P:spider.Models.Graphql.Repository.DefaultBranchRef] Missing &lt;summary&gt; documentation
SHFB: Warning BE0066: ShowMissingComponent: [P:spider.Models.Graphql.Repository.Description] Missing &lt;summary&gt; documentation
SHFB: Warning BE0066: ShowMissingComponent: [P:spider.Models.Graphql.Repository.Id] Missing &lt;summary&gt; documentation
SHFB: Warning BE0066: ShowMissingComponent: [P:spider.Models.Graphql.Repository.Languages] Missing &lt;summary&gt; documentation
SHFB: Warning BE0066: ShowMissingComponent: [P:spider.Models.Graphql.Repository.Name] Missing &lt;summary&gt; documentation
SHFB: Warning BE0066: ShowMissingComponent: [P:spider.Models.Graphql.Repository.Owner] Missing &lt;summary&gt; documentation
SHFB: Warning BE0066: ShowMissingComponent: [P:spider.Models.Graphql.Repository.ReadmeCaps] Missing &lt;summary&gt; documentation
SHFB: Warning BE0066: ShowMissingComponent: [P:spider.Models.Graphql.Repository.ReadmeFstCaps] Missing &lt;summary&gt; documentation
SHFB: Warning BE0066: ShowMissingComponent: [P:spider.Models.Graphql.Repository.ReadmeLower] Missing &lt;summary&gt; documentation
SHFB: Warning BE0066: ShowMissingComponent: [P:spider.Models.Graphql.Repository.ReadmerstCaps] Missing &lt;summary&gt; documentation
SHFB: Warning BE0066: ShowMissingComponent: [P:spider.Models.Graphql.Repository.ReadmerstFstCaps] Missing &lt;summary&gt; documentation
SHFB: Warning BE0066: ShowMissingComponent: [P:spider.Models.Graphql.Repository.ReadmerstLower] Missing &lt;summary&gt; documentation
SHFB: Warning BE0066: ShowMissingComponent: [P:spider.Models.Graphql.Repository.RepositoryTopics] Missing &lt;summary&gt; documentation
SHFB: Warning BE0066: ShowMissingComponent: [P:spider.Models.Graphql.Repository.StargazerCount] Missing &lt;summary&gt; documentation
SHFB: Warning BE0066: ShowMissingComponent: [T:spider.Models.Graphql.RepositoryCountData] Missing &lt;summary&gt; documentation
SHFB: Warning BE0066: ShowMissingComponent: [P:spider.Models.Graphql.RepositoryCountData.RepositoryCount] Missing &lt;summary&gt; documentation
SHFB: Warning BE0066: ShowMissingComponent: [T:spider.Models.Graphql.RepositoryWrapper] Missing &lt;summary&gt; documentation
SHFB: Warning BE0066: ShowMissingComponent: [P:spider.Models.Graphql.RepositoryWrapper.RateLimit] Missing &lt;summary&gt; documentation
SHFB: Warning BE0066: ShowMissingComponent: [P:spider.Models.Graphql.RepositoryWrapper.Repository] Missing &lt;summary&gt; documentation
SHFB: Warning BE0066: ShowMissingComponent: [T:spider.Models.Graphql.SearchCountData] Missing &lt;summary&gt; documentation
SHFB: Warning BE0066: ShowMissingComponent: [P:spider.Models.Graphql.SearchCountData.Search] Missing &lt;summary&gt; documentation
SHFB: Warning BE0066: ShowMissingComponent: [T:spider.Models.Graphql.SearchResult] Missing &lt;summary&gt; documentation
SHFB: Warning BE0066: ShowMissingComponent: [P:spider.Models.Graphql.SearchResult.Nodes] Missing &lt;summary&gt; documentation
SHFB: Warning BE0066: ShowMissingComponent: [P:spider.Models.Graphql.SearchResult.PageInfo] Missing &lt;summary&gt; documentation
SHFB: Warning BE0066: ShowMissingComponent: [P:spider.Models.Graphql.SearchResult.RepositoryCount] Missing &lt;summary&gt; documentation
SHFB: Warning BE0066: ShowMissingComponent: [T:spider.Models.Graphql.SpiderData] Missing &lt;summary&gt; documentation
SHFB: Warning BE0066: ShowMissingComponent: [P:spider.Models.Graphql.SpiderData.RateLimit] Missing &lt;summary&gt; documentation
SHFB: Warning BE0066: ShowMissingComponent: [P:spider.Models.Graphql.SpiderData.Search] Missing &lt;summary&gt; documentation
SHFB: Warning BE0066: ShowMissingComponent: [T:spider.Models.Graphql.Target] Missing &lt;summary&gt; documentation
SHFB: Warning BE0066: ShowMissingComponent: [P:spider.Models.Graphql.Target.History] Missing &lt;summary&gt; documentation
SHFB: Warning BE0066: ShowMissingComponent: [T:spider.Models.Graphql.Topic] Missing &lt;summary&gt; documentation
SHFB: Warning BE0066: ShowMissingComponent: [P:spider.Models.Graphql.Topic.Name] Missing &lt;summary&gt; documentation
SHFB: Warning BE0066: ShowMissingComponent: [T:spider.Models.Graphql.TopicRepository] Missing &lt;summary&gt; documentation
SHFB: Warning BE0066: ShowMissingComponent: [P:spider.Models.Graphql.TopicRepository.Nodes] Missing &lt;summary&gt; documentation
SHFB: Warning BE0066: ShowMissingComponent: [P:spider.Models.Graphql.TopicRepository.PageInfo] Missing &lt;summary&gt; documentation
SHFB: Warning BE0066: ShowMissingComponent: [T:spider.Models.Graphql.TopicSearch] Missing &lt;summary&gt; documentation
SHFB: Warning BE0066: ShowMissingComponent: [P:spider.Models.Graphql.TopicSearch.Repositories] Missing &lt;summary&gt; documentation
SHFB: Warning BE0066: ShowMissingComponent: [T:spider.Models.Graphql.TopicSearchData] Missing &lt;summary&gt; documentation
SHFB: Warning BE0066: ShowMissingComponent: [P:spider.Models.Graphql.TopicSearchData.RateLimit] Missing &lt;summary&gt; documentation
SHFB: Warning BE0066: ShowMissingComponent: [P:spider.Models.Graphql.TopicSearchData.Topic] Missing &lt;summary&gt; documentation
SHFB: Warning BE0066: ShowMissingComponent: [T:spider.Models.Graphql.TopicsWrapper] Missing &lt;summary&gt; documentation
SHFB: Warning BE0066: ShowMissingComponent: [P:spider.Models.Graphql.TopicsWrapper.Nodes] Missing &lt;summary&gt; documentation
SHFB: Warning BE0066: ShowMissingComponent: [T:spider.Models.Graphql.TopicWrapper] Missing &lt;summary&gt; documentation
SHFB: Warning BE0066: ShowMissingComponent: [P:spider.Models.Graphql.TopicWrapper.Topic] Missing &lt;summary&gt; documentation
SHFB: Warning BE0066: ShowMissingComponent: [N:spider.Services] Missing &lt;summary&gt; documentation
SHFB: Warning BE0066: ShowMissingComponent: [T:spider.Services.GitHubGraphqlService] Missing &lt;summary&gt; documentation
SHFB: Warning BE0066: ShowMissingComponent: [M:spider.Services.GitHubGraphqlService.#ctor(spider.Wrappers.IClientWrapper)] Missing &lt;param name=&quot;clientWrapper&quot;/&gt; documentation
SHFB: Warning BE0066: ShowMissingComponent: [M:spider.Services.GitHubGraphqlService.GetByNames(System.Collections.Generic.List{spider.Dtos.ProjectRequestDto})] Missing &lt;summary&gt; documentation
SHFB: Warning BE0066: ShowMissingComponent: [M:spider.Services.GitHubGraphqlService.GetByNames(System.Collections.Generic.List{spider.Dtos.ProjectRequestDto})] Missing &lt;returns&gt; documentation
SHFB: Warning BE0066: ShowMissingComponent: [M:spider.Services.GitHubGraphqlService.GetByNames(System.Collections.Generic.List{spider.Dtos.ProjectRequestDto})] Missing &lt;param name=&quot;repos&quot;/&gt; documentation
SHFB: Warning BE0066: ShowMissingComponent: [M:spider.Services.GitHubGraphqlService.GetRepoCount(System.String,System.Int32,System.Int32,System.Int32)] Missing &lt;summary&gt; documentation
SHFB: Warning BE0066: ShowMissingComponent: [M:spider.Services.GitHubGraphqlService.GetRepoCount(System.String,System.Int32,System.Int32,System.Int32)] Missing &lt;returns&gt; documentation
SHFB: Warning BE0066: ShowMissingComponent: [M:spider.Services.GitHubGraphqlService.GetRepoCount(System.String,System.Int32,System.Int32,System.Int32)] Missing &lt;param name=&quot;keyword&quot;/&gt; documentation
SHFB: Warning BE0066: ShowMissingComponent: [M:spider.Services.GitHubGraphqlService.GetRepoCount(System.String,System.Int32,System.Int32,System.Int32)] Missing &lt;param name=&quot;starCountLower&quot;/&gt; documentation
SHFB: Warning BE0066: ShowMissingComponent: [M:spider.Services.GitHubGraphqlService.GetRepoCount(System.String,System.Int32,System.Int32,System.Int32)] Missing &lt;param name=&quot;starCountUpper&quot;/&gt; documentation
SHFB: Warning BE0066: ShowMissingComponent: [M:spider.Services.GitHubGraphqlService.GetRepoCount(System.String,System.Int32,System.Int32,System.Int32)] Missing &lt;param name=&quot;tries&quot;/&gt; documentation
SHFB: Warning BE0066: ShowMissingComponent: [M:spider.Services.GitHubGraphqlService.QueryRepositoriesByName(System.String,System.Int32,System.String,System.Int32)] Missing &lt;summary&gt; documentation
SHFB: Warning BE0066: ShowMissingComponent: [M:spider.Services.GitHubGraphqlService.QueryRepositoriesByName(System.String,System.Int32,System.String,System.Int32)] Missing &lt;returns&gt; documentation
SHFB: Warning BE0066: ShowMissingComponent: [M:spider.Services.GitHubGraphqlService.QueryRepositoriesByName(System.String,System.Int32,System.String,System.Int32)] Missing &lt;param name=&quot;repositoryName&quot;/&gt; documentation
SHFB: Warning BE0066: ShowMissingComponent: [M:spider.Services.GitHubGraphqlService.QueryRepositoriesByName(System.String,System.Int32,System.String,System.Int32)] Missing &lt;param name=&quot;amount&quot;/&gt; documentation
SHFB: Warning BE0066: ShowMissingComponent: [M:spider.Services.GitHubGraphqlService.QueryRepositoriesByName(System.String,System.Int32,System.String,System.Int32)] Missing &lt;param name=&quot;cursor&quot;/&gt; documentation
SHFB: Warning BE0066: ShowMissingComponent: [M:spider.Services.GitHubGraphqlService.QueryRepositoriesByName(System.String,System.Int32,System.String,System.Int32)] Missing &lt;param name=&quot;tries&quot;/&gt; documentation
SHFB: Warning BE0066: ShowMissingComponent: [M:spider.Services.GitHubGraphqlService.QueryRepositoriesByNameHelper(System.String,System.Int32,System.String)] Missing &lt;summary&gt; documentation
SHFB: Warning BE0066: ShowMissingComponent: [M:spider.Services.GitHubGraphqlService.QueryRepositoriesByNameHelper(System.String,System.Int32,System.String)] Missing &lt;returns&gt; documentation
SHFB: Warning BE0066: ShowMissingComponent: [M:spider.Services.GitHubGraphqlService.QueryRepositoriesByNameHelper(System.String,System.Int32,System.String)] Missing &lt;param name=&quot;name&quot;/&gt; documentation
SHFB: Warning BE0066: ShowMissingComponent: [M:spider.Services.GitHubGraphqlService.QueryRepositoriesByNameHelper(System.String,System.Int32,System.String)] Missing &lt;param name=&quot;amount&quot;/&gt; documentation
SHFB: Warning BE0066: ShowMissingComponent: [M:spider.Services.GitHubGraphqlService.QueryRepositoriesByNameHelper(System.String,System.Int32,System.String)] Missing &lt;param name=&quot;startCursor&quot;/&gt; documentation
SHFB: Warning BE0066: ShowMissingComponent: [M:spider.Services.GitHubGraphqlService.QueryRepositoriesByTopic(System.String,System.Int32,System.String,System.Int32)] Missing &lt;summary&gt; documentation
SHFB: Warning BE0066: ShowMissingComponent: [M:spider.Services.GitHubGraphqlService.QueryRepositoriesByTopic(System.String,System.Int32,System.String,System.Int32)] Missing &lt;returns&gt; documentation
SHFB: Warning BE0066: ShowMissingComponent: [M:spider.Services.GitHubGraphqlService.QueryRepositoriesByTopic(System.String,System.Int32,System.String,System.Int32)] Missing &lt;param name=&quot;topic&quot;/&gt; documentation
SHFB: Warning BE0066: ShowMissingComponent: [M:spider.Services.GitHubGraphqlService.QueryRepositoriesByTopic(System.String,System.Int32,System.String,System.Int32)] Missing &lt;param name=&quot;amount&quot;/&gt; documentation
SHFB: Warning BE0066: ShowMissingComponent: [M:spider.Services.GitHubGraphqlService.QueryRepositoriesByTopic(System.String,System.Int32,System.String,System.Int32)] Missing &lt;param name=&quot;cursor&quot;/&gt; documentation
SHFB: Warning BE0066: ShowMissingComponent: [M:spider.Services.GitHubGraphqlService.QueryRepositoriesByTopic(System.String,System.Int32,System.String,System.Int32)] Missing &lt;param name=&quot;tries&quot;/&gt; documentation
SHFB: Warning BE0066: ShowMissingComponent: [M:spider.Services.GitHubGraphqlService.QueryRepositoriesByTopicHelper(System.String,System.Int32,System.String)] Missing &lt;summary&gt; documentation
SHFB: Warning BE0066: ShowMissingComponent: [M:spider.Services.GitHubGraphqlService.QueryRepositoriesByTopicHelper(System.String,System.Int32,System.String)] Missing &lt;returns&gt; documentation
SHFB: Warning BE0066: ShowMissingComponent: [M:spider.Services.GitHubGraphqlService.QueryRepositoriesByTopicHelper(System.String,System.Int32,System.String)] Missing &lt;param name=&quot;topic&quot;/&gt; documentation
SHFB: Warning BE0066: ShowMissingComponent: [M:spider.Services.GitHubGraphqlService.QueryRepositoriesByTopicHelper(System.String,System.Int32,System.String)] Missing &lt;param name=&quot;amount&quot;/&gt; documentation
SHFB: Warning BE0066: ShowMissingComponent: [M:spider.Services.GitHubGraphqlService.QueryRepositoriesByTopicHelper(System.String,System.Int32,System.String)] Missing &lt;param name=&quot;startCursor&quot;/&gt; documentation
SHFB: Warning BE0066: ShowMissingComponent: [M:spider.Services.GitHubGraphqlService.QueryRepositoryByName(System.String,System.String)] Missing &lt;summary&gt; documentation
SHFB: Warning BE0066: ShowMissingComponent: [M:spider.Services.GitHubGraphqlService.QueryRepositoryByName(System.String,System.String)] Missing &lt;returns&gt; documentation
SHFB: Warning BE0066: ShowMissingComponent: [M:spider.Services.GitHubGraphqlService.QueryRepositoryByName(System.String,System.String)] Missing &lt;param name=&quot;repositoryName&quot;/&gt; documentation
SHFB: Warning BE0066: ShowMissingComponent: [M:spider.Services.GitHubGraphqlService.QueryRepositoryByName(System.String,System.String)] Missing &lt;param name=&quot;ownerName&quot;/&gt; documentation
SHFB: Warning BE0066: ShowMissingComponent: [M:spider.Services.GitHubGraphqlService.checkRatelimit(spider.Models.Graphql.RateLimit)] Missing &lt;summary&gt; documentation
SHFB: Warning BE0066: ShowMissingComponent: [M:spider.Services.GitHubGraphqlService.checkRatelimit(spider.Models.Graphql.RateLimit)] Missing &lt;returns&gt; documentation
SHFB: Warning BE0066: ShowMissingComponent: [M:spider.Services.GitHubGraphqlService.checkRatelimit(spider.Models.Graphql.RateLimit)] Missing &lt;param name=&quot;rateLimit&quot;/&gt; documentation
SHFB: Warning BE0066: ShowMissingComponent: [T:spider.Services.GitHubRestService] Missing &lt;summary&gt; documentation
SHFB: Warning BE0066: ShowMissingComponent: [M:spider.Services.GitHubRestService.#ctor(RestSharp.IRestClient)] Missing &lt;param name=&quot;gitHubRestClient&quot;/&gt; documentation
SHFB: Warning BE0066: ResolveReferenceLinksComponent: [M:spider.Services.GitHubRestService.#ctor(RestSharp.IRestClient)] Unknown reference link target &#39;T:RestSharp.IRestClient&#39;.
SHFB: Warning BE0066: ShowMissingComponent: [M:spider.Services.GitHubRestService.GetRepoContributors(System.String,System.String,System.Int32)] Missing &lt;summary&gt; documentation
SHFB: Warning BE0066: ShowMissingComponent: [M:spider.Services.GitHubRestService.GetRepoContributors(System.String,System.String,System.Int32)] Missing &lt;returns&gt; documentation
SHFB: Warning BE0066: ShowMissingComponent: [M:spider.Services.GitHubRestService.GetRepoContributors(System.String,System.String,System.Int32)] Missing &lt;param name=&quot;ownerName&quot;/&gt; documentation
SHFB: Warning BE0066: ShowMissingComponent: [M:spider.Services.GitHubRestService.GetRepoContributors(System.String,System.String,System.Int32)] Missing &lt;param name=&quot;repoName&quot;/&gt; documentation
SHFB: Warning BE0066: ShowMissingComponent: [M:spider.Services.GitHubRestService.GetRepoContributors(System.String,System.String,System.Int32)] Missing &lt;param name=&quot;amount&quot;/&gt; documentation
SHFB: Warning BE0066: ShowMissingComponent: [T:spider.Services.IGitHubGraphqlService] Missing &lt;summary&gt; documentation
SHFB: Warning BE0066: ShowMissingComponent: [M:spider.Services.IGitHubGraphqlService.GetByNames(System.Collections.Generic.List{spider.Dtos.ProjectRequestDto})] Missing &lt;summary&gt; documentation
SHFB: Warning BE0066: ShowMissingComponent: [M:spider.Services.IGitHubGraphqlService.GetByNames(System.Collections.Generic.List{spider.Dtos.ProjectRequestDto})] Missing &lt;returns&gt; documentation
SHFB: Warning BE0066: ShowMissingComponent: [M:spider.Services.IGitHubGraphqlService.GetByNames(System.Collections.Generic.List{spider.Dtos.ProjectRequestDto})] Missing &lt;param name=&quot;repos&quot;/&gt; documentation
SHFB: Warning BE0066: ShowMissingComponent: [M:spider.Services.IGitHubGraphqlService.GetRepoCount(System.String,System.Int32,System.Int32,System.Int32)] Missing &lt;summary&gt; documentation
SHFB: Warning BE0066: ShowMissingComponent: [M:spider.Services.IGitHubGraphqlService.GetRepoCount(System.String,System.Int32,System.Int32,System.Int32)] Missing &lt;returns&gt; documentation
SHFB: Warning BE0066: ShowMissingComponent: [M:spider.Services.IGitHubGraphqlService.GetRepoCount(System.String,System.Int32,System.Int32,System.Int32)] Missing &lt;param name=&quot;keyword&quot;/&gt; documentation
SHFB: Warning BE0066: ShowMissingComponent: [M:spider.Services.IGitHubGraphqlService.GetRepoCount(System.String,System.Int32,System.Int32,System.Int32)] Missing &lt;param name=&quot;starCountLower&quot;/&gt; documentation
SHFB: Warning BE0066: ShowMissingComponent: [M:spider.Services.IGitHubGraphqlService.GetRepoCount(System.String,System.Int32,System.Int32,System.Int32)] Missing &lt;param name=&quot;starCountUpper&quot;/&gt; documentation
SHFB: Warning BE0066: ShowMissingComponent: [M:spider.Services.IGitHubGraphqlService.GetRepoCount(System.String,System.Int32,System.Int32,System.Int32)] Missing &lt;param name=&quot;tries&quot;/&gt; documentation
SHFB: Warning BE0066: ShowMissingComponent: [M:spider.Services.IGitHubGraphqlService.QueryRepositoriesByName(System.String,System.Int32,System.String,System.Int32)] Missing &lt;summary&gt; documentation
SHFB: Warning BE0066: ShowMissingComponent: [M:spider.Services.IGitHubGraphqlService.QueryRepositoriesByName(System.String,System.Int32,System.String,System.Int32)] Missing &lt;returns&gt; documentation
SHFB: Warning BE0066: ShowMissingComponent: [M:spider.Services.IGitHubGraphqlService.QueryRepositoriesByName(System.String,System.Int32,System.String,System.Int32)] Missing &lt;param name=&quot;name&quot;/&gt; documentation
SHFB: Warning BE0066: ShowMissingComponent: [M:spider.Services.IGitHubGraphqlService.QueryRepositoriesByName(System.String,System.Int32,System.String,System.Int32)] Missing &lt;param name=&quot;amount&quot;/&gt; documentation
SHFB: Warning BE0066: ShowMissingComponent: [M:spider.Services.IGitHubGraphqlService.QueryRepositoriesByName(System.String,System.Int32,System.String,System.Int32)] Missing &lt;param name=&quot;cursor&quot;/&gt; documentation
SHFB: Warning BE0066: ShowMissingComponent: [M:spider.Services.IGitHubGraphqlService.QueryRepositoriesByName(System.String,System.Int32,System.String,System.Int32)] Missing &lt;param name=&quot;tries&quot;/&gt; documentation
SHFB: Warning BE0066: ShowMissingComponent: [M:spider.Services.IGitHubGraphqlService.QueryRepositoriesByNameHelper(System.String,System.Int32,System.String)] Missing &lt;summary&gt; documentation
SHFB: Warning BE0066: ShowMissingComponent: [M:spider.Services.IGitHubGraphqlService.QueryRepositoriesByNameHelper(System.String,System.Int32,System.String)] Missing &lt;returns&gt; documentation
SHFB: Warning BE0066: ShowMissingComponent: [M:spider.Services.IGitHubGraphqlService.QueryRepositoriesByNameHelper(System.String,System.Int32,System.String)] Missing &lt;param name=&quot;name&quot;/&gt; documentation
SHFB: Warning BE0066: ShowMissingComponent: [M:spider.Services.IGitHubGraphqlService.QueryRepositoriesByNameHelper(System.String,System.Int32,System.String)] Missing &lt;param name=&quot;amount&quot;/&gt; documentation
SHFB: Warning BE0066: ShowMissingComponent: [M:spider.Services.IGitHubGraphqlService.QueryRepositoriesByNameHelper(System.String,System.Int32,System.String)] Missing &lt;param name=&quot;startCursor&quot;/&gt; documentation
SHFB: Warning BE0066: ShowMissingComponent: [M:spider.Services.IGitHubGraphqlService.QueryRepositoriesByTopic(System.String,System.Int32,System.String,System.Int32)] Missing &lt;summary&gt; documentation
SHFB: Warning BE0066: ShowMissingComponent: [M:spider.Services.IGitHubGraphqlService.QueryRepositoriesByTopic(System.String,System.Int32,System.String,System.Int32)] Missing &lt;returns&gt; documentation
SHFB: Warning BE0066: ShowMissingComponent: [M:spider.Services.IGitHubGraphqlService.QueryRepositoriesByTopic(System.String,System.Int32,System.String,System.Int32)] Missing &lt;param name=&quot;topic&quot;/&gt; documentation
SHFB: Warning BE0066: ShowMissingComponent: [M:spider.Services.IGitHubGraphqlService.QueryRepositoriesByTopic(System.String,System.Int32,System.String,System.Int32)] Missing &lt;param name=&quot;amount&quot;/&gt; documentation
SHFB: Warning BE0066: ShowMissingComponent: [M:spider.Services.IGitHubGraphqlService.QueryRepositoriesByTopic(System.String,System.Int32,System.String,System.Int32)] Missing &lt;param name=&quot;cursor&quot;/&gt; documentation
SHFB: Warning BE0066: ShowMissingComponent: [M:spider.Services.IGitHubGraphqlService.QueryRepositoriesByTopic(System.String,System.Int32,System.String,System.Int32)] Missing &lt;param name=&quot;tries&quot;/&gt; documentation
SHFB: Warning BE0066: ShowMissingComponent: [M:spider.Services.IGitHubGraphqlService.QueryRepositoriesByTopicHelper(System.String,System.Int32,System.String)] Missing &lt;summary&gt; documentation
SHFB: Warning BE0066: ShowMissingComponent: [M:spider.Services.IGitHubGraphqlService.QueryRepositoriesByTopicHelper(System.String,System.Int32,System.String)] Missing &lt;returns&gt; documentation
SHFB: Warning BE0066: ShowMissingComponent: [M:spider.Services.IGitHubGraphqlService.QueryRepositoriesByTopicHelper(System.String,System.Int32,System.String)] Missing &lt;param name=&quot;topic&quot;/&gt; documentation
SHFB: Warning BE0066: ShowMissingComponent: [M:spider.Services.IGitHubGraphqlService.QueryRepositoriesByTopicHelper(System.String,System.Int32,System.String)] Missing &lt;param name=&quot;amount&quot;/&gt; documentation
SHFB: Warning BE0066: ShowMissingComponent: [M:spider.Services.IGitHubGraphqlService.QueryRepositoriesByTopicHelper(System.String,System.Int32,System.String)] Missing &lt;param name=&quot;startCursor&quot;/&gt; documentation
SHFB: Warning BE0066: ShowMissingComponent: [M:spider.Services.IGitHubGraphqlService.QueryRepositoryByName(System.String,System.String)] Missing &lt;summary&gt; documentation
SHFB: Warning BE0066: ShowMissingComponent: [M:spider.Services.IGitHubGraphqlService.QueryRepositoryByName(System.String,System.String)] Missing &lt;returns&gt; documentation
SHFB: Warning BE0066: ShowMissingComponent: [M:spider.Services.IGitHubGraphqlService.QueryRepositoryByName(System.String,System.String)] Missing &lt;param name=&quot;repoName&quot;/&gt; documentation
SHFB: Warning BE0066: ShowMissingComponent: [M:spider.Services.IGitHubGraphqlService.QueryRepositoryByName(System.String,System.String)] Missing &lt;param name=&quot;ownerName&quot;/&gt; documentation
SHFB: Warning BE0066: ShowMissingComponent: [T:spider.Services.IGitHubRestService] Missing &lt;summary&gt; documentation
SHFB: Warning BE0066: ShowMissingComponent: [M:spider.Services.IGitHubRestService.GetRepoContributors(System.String,System.String,System.Int32)] Missing &lt;summary&gt; documentation
SHFB: Warning BE0066: ShowMissingComponent: [M:spider.Services.IGitHubRestService.GetRepoContributors(System.String,System.String,System.Int32)] Missing &lt;returns&gt; documentation
SHFB: Warning BE0066: ShowMissingComponent: [M:spider.Services.IGitHubRestService.GetRepoContributors(System.String,System.String,System.Int32)] Missing &lt;param name=&quot;ownerName&quot;/&gt; documentation
SHFB: Warning BE0066: ShowMissingComponent: [M:spider.Services.IGitHubRestService.GetRepoContributors(System.String,System.String,System.Int32)] Missing &lt;param name=&quot;repoName&quot;/&gt; documentation
SHFB: Warning BE0066: ShowMissingComponent: [M:spider.Services.IGitHubRestService.GetRepoContributors(System.String,System.String,System.Int32)] Missing &lt;param name=&quot;amount&quot;/&gt; documentation
SHFB: Warning BE0066: ShowMissingComponent: [T:spider.Services.ISpiderProjectService] Missing &lt;summary&gt; documentation
SHFB: Warning BE0066: ShowMissingComponent: [M:spider.Services.ISpiderProjectService.GetByKeyword(System.String,System.Int32,System.String)] Missing &lt;summary&gt; documentation
SHFB: Warning BE0066: ShowMissingComponent: [M:spider.Services.ISpiderProjectService.GetByKeyword(System.String,System.Int32,System.String)] Missing &lt;returns&gt; documentation
SHFB: Warning BE0066: ShowMissingComponent: [M:spider.Services.ISpiderProjectService.GetByKeyword(System.String,System.Int32,System.String)] Missing &lt;param name=&quot;name&quot;/&gt; documentation
SHFB: Warning BE0066: ShowMissingComponent: [M:spider.Services.ISpiderProjectService.GetByKeyword(System.String,System.Int32,System.String)] Missing &lt;param name=&quot;amount&quot;/&gt; documentation
SHFB: Warning BE0066: ShowMissingComponent: [M:spider.Services.ISpiderProjectService.GetByKeyword(System.String,System.Int32,System.String)] Missing &lt;param name=&quot;startCursor&quot;/&gt; documentation
SHFB: Warning BE0066: ShowMissingComponent: [M:spider.Services.ISpiderProjectService.GetByKeywordSplit(System.String,System.Int32,System.String)] Missing &lt;summary&gt; documentation
SHFB: Warning BE0066: ShowMissingComponent: [M:spider.Services.ISpiderProjectService.GetByKeywordSplit(System.String,System.Int32,System.String)] Missing &lt;returns&gt; documentation
SHFB: Warning BE0066: ShowMissingComponent: [M:spider.Services.ISpiderProjectService.GetByKeywordSplit(System.String,System.Int32,System.String)] Missing &lt;param name=&quot;name&quot;/&gt; documentation
SHFB: Warning BE0066: ShowMissingComponent: [M:spider.Services.ISpiderProjectService.GetByKeywordSplit(System.String,System.Int32,System.String)] Missing &lt;param name=&quot;amount&quot;/&gt; documentation
SHFB: Warning BE0066: ShowMissingComponent: [M:spider.Services.ISpiderProjectService.GetByKeywordSplit(System.String,System.Int32,System.String)] Missing &lt;param name=&quot;startCursor&quot;/&gt; documentation
SHFB: Warning BE0066: ShowMissingComponent: [M:spider.Services.ISpiderProjectService.GetByName(System.String,System.String)] Missing &lt;summary&gt; documentation
SHFB: Warning BE0066: ShowMissingComponent: [M:spider.Services.ISpiderProjectService.GetByName(System.String,System.String)] Missing &lt;returns&gt; documentation
SHFB: Warning BE0066: ShowMissingComponent: [M:spider.Services.ISpiderProjectService.GetByName(System.String,System.String)] Missing &lt;param name=&quot;name&quot;/&gt; documentation
SHFB: Warning BE0066: ShowMissingComponent: [M:spider.Services.ISpiderProjectService.GetByName(System.String,System.String)] Missing &lt;param name=&quot;ownerName&quot;/&gt; documentation
SHFB: Warning BE0066: ShowMissingComponent: [M:spider.Services.ISpiderProjectService.GetByNames(System.Collections.Generic.List{spider.Dtos.ProjectRequestDto})] Missing &lt;summary&gt; documentation
SHFB: Warning BE0066: ShowMissingComponent: [M:spider.Services.ISpiderProjectService.GetByNames(System.Collections.Generic.List{spider.Dtos.ProjectRequestDto})] Missing &lt;returns&gt; documentation
SHFB: Warning BE0066: ShowMissingComponent: [M:spider.Services.ISpiderProjectService.GetByNames(System.Collections.Generic.List{spider.Dtos.ProjectRequestDto})] Missing &lt;param name=&quot;repos&quot;/&gt; documentation
SHFB: Warning BE0066: ShowMissingComponent: [M:spider.Services.ISpiderProjectService.GetByTopic(System.String,System.Int32,System.String)] Missing &lt;summary&gt; documentation
SHFB: Warning BE0066: ShowMissingComponent: [M:spider.Services.ISpiderProjectService.GetByTopic(System.String,System.Int32,System.String)] Missing &lt;returns&gt; documentation
SHFB: Warning BE0066: ShowMissingComponent: [M:spider.Services.ISpiderProjectService.GetByTopic(System.String,System.Int32,System.String)] Missing &lt;param name=&quot;topic&quot;/&gt; documentation
SHFB: Warning BE0066: ShowMissingComponent: [M:spider.Services.ISpiderProjectService.GetByTopic(System.String,System.Int32,System.String)] Missing &lt;param name=&quot;amount&quot;/&gt; documentation
SHFB: Warning BE0066: ShowMissingComponent: [M:spider.Services.ISpiderProjectService.GetByTopic(System.String,System.Int32,System.String)] Missing &lt;param name=&quot;startCursor&quot;/&gt; documentation
SHFB: Warning BE0066: ShowMissingComponent: [M:spider.Services.ISpiderProjectService.GetContributorsByName(System.String,System.String,System.Int32)] Missing &lt;summary&gt; documentation
SHFB: Warning BE0066: ShowMissingComponent: [M:spider.Services.ISpiderProjectService.GetContributorsByName(System.String,System.String,System.Int32)] Missing &lt;returns&gt; documentation
SHFB: Warning BE0066: ShowMissingComponent: [M:spider.Services.ISpiderProjectService.GetContributorsByName(System.String,System.String,System.Int32)] Missing &lt;param name=&quot;name&quot;/&gt; documentation
SHFB: Warning BE0066: ShowMissingComponent: [M:spider.Services.ISpiderProjectService.GetContributorsByName(System.String,System.String,System.Int32)] Missing &lt;param name=&quot;ownerName&quot;/&gt; documentation
SHFB: Warning BE0066: ShowMissingComponent: [M:spider.Services.ISpiderProjectService.GetContributorsByName(System.String,System.String,System.Int32)] Missing &lt;param name=&quot;amount&quot;/&gt; documentation
SHFB: Warning BE0066: ShowMissingComponent: [T:spider.Services.SpiderProjectService] Missing &lt;summary&gt; documentation
SHFB: Warning BE0066: ShowMissingComponent: [M:spider.Services.SpiderProjectService.#ctor(spider.Services.IGitHubGraphqlService,spider.Converters.IGraphqlDataConverter,spider.Services.IGitHubRestService)] Missing &lt;param name=&quot;gitHubGraphqlService&quot;/&gt; documentation
SHFB: Warning BE0066: ShowMissingComponent: [M:spider.Services.SpiderProjectService.#ctor(spider.Services.IGitHubGraphqlService,spider.Converters.IGraphqlDataConverter,spider.Services.IGitHubRestService)] Missing &lt;param name=&quot;graphqlDataConverter&quot;/&gt; documentation
SHFB: Warning BE0066: ShowMissingComponent: [M:spider.Services.SpiderProjectService.#ctor(spider.Services.IGitHubGraphqlService,spider.Converters.IGraphqlDataConverter,spider.Services.IGitHubRestService)] Missing &lt;param name=&quot;gitHubRestService&quot;/&gt; documentation
SHFB: Warning BE0066: ShowMissingComponent: [M:spider.Services.SpiderProjectService.GetByKeyword(System.String,System.Int32,System.String)] Missing &lt;summary&gt; documentation
SHFB: Warning BE0066: ShowMissingComponent: [M:spider.Services.SpiderProjectService.GetByKeyword(System.String,System.Int32,System.String)] Missing &lt;returns&gt; documentation
SHFB: Warning BE0066: ShowMissingComponent: [M:spider.Services.SpiderProjectService.GetByKeyword(System.String,System.Int32,System.String)] Missing &lt;param name=&quot;name&quot;/&gt; documentation
SHFB: Warning BE0066: ShowMissingComponent: [M:spider.Services.SpiderProjectService.GetByKeyword(System.String,System.Int32,System.String)] Missing &lt;param name=&quot;amount&quot;/&gt; documentation
SHFB: Warning BE0066: ShowMissingComponent: [M:spider.Services.SpiderProjectService.GetByKeyword(System.String,System.Int32,System.String)] Missing &lt;param name=&quot;startCursor&quot;/&gt; documentation
SHFB: Warning BE0066: ShowMissingComponent: [M:spider.Services.SpiderProjectService.GetByKeywordSplit(System.String,System.Int32,System.String)] Missing &lt;summary&gt; documentation
SHFB: Warning BE0066: ShowMissingComponent: [M:spider.Services.SpiderProjectService.GetByKeywordSplit(System.String,System.Int32,System.String)] Missing &lt;returns&gt; documentation
SHFB: Warning BE0066: ShowMissingComponent: [M:spider.Services.SpiderProjectService.GetByKeywordSplit(System.String,System.Int32,System.String)] Missing &lt;param name=&quot;name&quot;/&gt; documentation
SHFB: Warning BE0066: ShowMissingComponent: [M:spider.Services.SpiderProjectService.GetByKeywordSplit(System.String,System.Int32,System.String)] Missing &lt;param name=&quot;amount&quot;/&gt; documentation
SHFB: Warning BE0066: ShowMissingComponent: [M:spider.Services.SpiderProjectService.GetByKeywordSplit(System.String,System.Int32,System.String)] Missing &lt;param name=&quot;startCursor&quot;/&gt; documentation
SHFB: Warning BE0066: ShowMissingComponent: [M:spider.Services.SpiderProjectService.GetByName(System.String,System.String)] Missing &lt;summary&gt; documentation
SHFB: Warning BE0066: ShowMissingComponent: [M:spider.Services.SpiderProjectService.GetByName(System.String,System.String)] Missing &lt;returns&gt; documentation
SHFB: Warning BE0066: ShowMissingComponent: [M:spider.Services.SpiderProjectService.GetByName(System.String,System.String)] Missing &lt;param name=&quot;name&quot;/&gt; documentation
SHFB: Warning BE0066: ShowMissingComponent: [M:spider.Services.SpiderProjectService.GetByName(System.String,System.String)] Missing &lt;param name=&quot;ownerName&quot;/&gt; documentation
SHFB: Warning BE0066: ShowMissingComponent: [M:spider.Services.SpiderProjectService.GetByNames(System.Collections.Generic.List{spider.Dtos.ProjectRequestDto})] Missing &lt;summary&gt; documentation
SHFB: Warning BE0066: ShowMissingComponent: [M:spider.Services.SpiderProjectService.GetByNames(System.Collections.Generic.List{spider.Dtos.ProjectRequestDto})] Missing &lt;returns&gt; documentation
SHFB: Warning BE0066: ShowMissingComponent: [M:spider.Services.SpiderProjectService.GetByNames(System.Collections.Generic.List{spider.Dtos.ProjectRequestDto})] Missing &lt;param name=&quot;repos&quot;/&gt; documentation
SHFB: Warning BE0066: ShowMissingComponent: [M:spider.Services.SpiderProjectService.GetByTopic(System.String,System.Int32,System.String)] Missing &lt;summary&gt; documentation
SHFB: Warning BE0066: ShowMissingComponent: [M:spider.Services.SpiderProjectService.GetByTopic(System.String,System.Int32,System.String)] Missing &lt;returns&gt; documentation
SHFB: Warning BE0066: ShowMissingComponent: [M:spider.Services.SpiderProjectService.GetByTopic(System.String,System.Int32,System.String)] Missing &lt;param name=&quot;topic&quot;/&gt; documentation
SHFB: Warning BE0066: ShowMissingComponent: [M:spider.Services.SpiderProjectService.GetByTopic(System.String,System.Int32,System.String)] Missing &lt;param name=&quot;amount&quot;/&gt; documentation
SHFB: Warning BE0066: ShowMissingComponent: [M:spider.Services.SpiderProjectService.GetByTopic(System.String,System.Int32,System.String)] Missing &lt;param name=&quot;startCursor&quot;/&gt; documentation
SHFB: Warning BE0066: ShowMissingComponent: [M:spider.Services.SpiderProjectService.GetContributorsByName(System.String,System.String,System.Int32)] Missing &lt;summary&gt; documentation
SHFB: Warning BE0066: ShowMissingComponent: [M:spider.Services.SpiderProjectService.GetContributorsByName(System.String,System.String,System.Int32)] Missing &lt;returns&gt; documentation
SHFB: Warning BE0066: ShowMissingComponent: [M:spider.Services.SpiderProjectService.GetContributorsByName(System.String,System.String,System.Int32)] Missing &lt;param name=&quot;name&quot;/&gt; documentation
SHFB: Warning BE0066: ShowMissingComponent: [M:spider.Services.SpiderProjectService.GetContributorsByName(System.String,System.String,System.Int32)] Missing &lt;param name=&quot;ownerName&quot;/&gt; documentation
SHFB: Warning BE0066: ShowMissingComponent: [M:spider.Services.SpiderProjectService.GetContributorsByName(System.String,System.String,System.Int32)] Missing &lt;param name=&quot;amount&quot;/&gt; documentation
SHFB: Warning BE0066: ShowMissingComponent: [N:spider.Wrappers] Missing &lt;summary&gt; documentation
SHFB: Warning BE0066: ShowMissingComponent: [T:spider.Wrappers.ClientWrapper] Missing &lt;summary&gt; documentation
SHFB: Warning BE0066: ShowMissingComponent: [M:spider.Wrappers.ClientWrapper.#ctor(GraphQL.Client.Abstractions.Websocket.IGraphQLWebSocketClient)] Missing &lt;param name=&quot;client&quot;/&gt; documentation
SHFB: Warning BE0066: ResolveReferenceLinksComponent: [M:spider.Wrappers.ClientWrapper.#ctor(GraphQL.Client.Abstractions.Websocket.IGraphQLWebSocketClient)] Unknown reference link target &#39;T:GraphQL.Client.Abstractions.Websocket.IGraphQLWebSocketClient&#39;.
SHFB: Warning BE0066: ShowMissingComponent: [P:spider.Wrappers.ClientWrapper.Client] Missing &lt;summary&gt; documentation
SHFB: Warning BE0066: ResolveReferenceLinksComponent: [P:spider.Wrappers.ClientWrapper.Client] Unknown reference link target &#39;T:GraphQL.Client.Abstractions.Websocket.IGraphQLWebSocketClient&#39;.
SHFB: Warning BE0066: ShowMissingComponent: [M:spider.Wrappers.ClientWrapper.SendQueryAsync``1(GraphQL.Client.Http.GraphQLHttpRequest)] Missing &lt;summary&gt; documentation
SHFB: Warning BE0066: ShowMissingComponent: [M:spider.Wrappers.ClientWrapper.SendQueryAsync``1(GraphQL.Client.Http.GraphQLHttpRequest)] Missing &lt;typeparam name=&quot;TResponse&quot;/&gt; documentation
SHFB: Warning BE0066: ShowMissingComponent: [M:spider.Wrappers.ClientWrapper.SendQueryAsync``1(GraphQL.Client.Http.GraphQLHttpRequest)] Missing &lt;returns&gt; documentation
SHFB: Warning BE0066: ShowMissingComponent: [M:spider.Wrappers.ClientWrapper.SendQueryAsync``1(GraphQL.Client.Http.GraphQLHttpRequest)] Missing &lt;param name=&quot;request&quot;/&gt; documentation
SHFB: Warning BE0066: ResolveReferenceLinksComponent: [M:spider.Wrappers.ClientWrapper.SendQueryAsync``1(GraphQL.Client.Http.GraphQLHttpRequest)] Unknown reference link target &#39;T:GraphQL.Client.Http.GraphQLHttpRequest&#39;.
SHFB: Warning BE0066: ResolveReferenceLinksComponent: [M:spider.Wrappers.ClientWrapper.SendQueryAsync``1(GraphQL.Client.Http.GraphQLHttpRequest)] Unknown reference link target &#39;T:GraphQL.GraphQLResponse`1&#39;.
SHFB: Warning BE0066: ShowMissingComponent: [T:spider.Wrappers.IClientWrapper] Missing &lt;summary&gt; documentation
SHFB: Warning BE0066: ShowMissingComponent: [P:spider.Wrappers.IClientWrapper.Client] Missing &lt;summary&gt; documentation
SHFB: Warning BE0066: ResolveReferenceLinksComponent: [P:spider.Wrappers.IClientWrapper.Client] Unknown reference link target &#39;T:GraphQL.Client.Abstractions.Websocket.IGraphQLWebSocketClient&#39;.
SHFB: Warning BE0066: ShowMissingComponent: [M:spider.Wrappers.IClientWrapper.SendQueryAsync``1(GraphQL.Client.Http.GraphQLHttpRequest)] Missing &lt;summary&gt; documentation
SHFB: Warning BE0066: ShowMissingComponent: [M:spider.Wrappers.IClientWrapper.SendQueryAsync``1(GraphQL.Client.Http.GraphQLHttpRequest)] Missing &lt;typeparam name=&quot;TResponse&quot;/&gt; documentation
SHFB: Warning BE0066: ShowMissingComponent: [M:spider.Wrappers.IClientWrapper.SendQueryAsync``1(GraphQL.Client.Http.GraphQLHttpRequest)] Missing &lt;returns&gt; documentation
SHFB: Warning BE0066: ShowMissingComponent: [M:spider.Wrappers.IClientWrapper.SendQueryAsync``1(GraphQL.Client.Http.GraphQLHttpRequest)] Missing &lt;param name=&quot;request&quot;/&gt; documentation
SHFB: Warning BE0066: ResolveReferenceLinksComponent: [M:spider.Wrappers.IClientWrapper.SendQueryAsync``1(GraphQL.Client.Http.GraphQLHttpRequest)] Unknown reference link target &#39;T:GraphQL.Client.Http.GraphQLHttpRequest&#39;.
SHFB: Warning BE0066: ResolveReferenceLinksComponent: [M:spider.Wrappers.IClientWrapper.SendQueryAsync``1(GraphQL.Client.Http.GraphQLHttpRequest)] Unknown reference link target &#39;T:GraphQL.GraphQLResponse`1&#39;.
Processed 298 topic(s)
370 warning(s)
CopyFromIndexComponent: &quot;reflection&quot; in-memory cache entries used: 7 of 15.
CopyFromIndexComponent: &quot;comments&quot; in-memory cache entries used: 3 of 30.
    Last step completed in 00:00:19,7594
</buildStep>
<buildStep step="CopyStandardHelpContent">
Copying standard help content...
C:\Program Files (x86)\EWSoftware\Sandcastle Help File Builder\Components\Markdown\media\AlertCaution.png -&gt; C:\Users\quent\Documents\School\University\Software project\Documentatie\Help\Working\Output\Markdown\media\AlertCaution.png
C:\Program Files (x86)\EWSoftware\Sandcastle Help File Builder\Components\Markdown\media\AlertLanguage.png -&gt; C:\Users\quent\Documents\School\University\Software project\Documentatie\Help\Working\Output\Markdown\media\AlertLanguage.png
C:\Program Files (x86)\EWSoftware\Sandcastle Help File Builder\Components\Markdown\media\AlertNote.png -&gt; C:\Users\quent\Documents\School\University\Software project\Documentatie\Help\Working\Output\Markdown\media\AlertNote.png
C:\Program Files (x86)\EWSoftware\Sandcastle Help File Builder\Components\Markdown\media\AlertSecurity.png -&gt; C:\Users\quent\Documents\School\University\Software project\Documentatie\Help\Working\Output\Markdown\media\AlertSecurity.png
C:\Program Files (x86)\EWSoftware\Sandcastle Help File Builder\Components\Markdown\media\AlertToDo.png -&gt; C:\Users\quent\Documents\School\University\Software project\Documentatie\Help\Working\Output\Markdown\media\AlertToDo.png
C:\Program Files (x86)\EWSoftware\Sandcastle Help File Builder\Components\Markdown\MarkdownContent\_Footer.md -&gt; C:\Users\quent\Documents\School\University\Software project\Documentatie\Help\Working\Output\Markdown\_Footer.md
    Last step completed in 00:00:00,0120
</buildStep>
<buildStep step="GenerateHelpProject">
Executing informational Generate Help Project build step for plug-ins (not used for Markdown)
    Last step completed in 00:00:00,0000
</buildStep>
<buildStep step="CompilingHelpFile">
Generating markdown content...
Finished generating 298 topics
Copying content to output folder...
Finished copying 306 files
    Last step completed in 00:00:00,8438
</buildStep>
<buildStep step="CleanIntermediates">
Removing intermediate files...
    Last step completed in 00:00:00,2433
</buildStep>
<buildStep step="Completed">

Build completed successfully at 25/01/2024 17:52:32.  Total time: 00:00:29,7709

</buildStep>
</shfbBuild>
